{"/home/travis/build/npmtest/node-npmtest-timeseries-analysis/test.js":{"path":"/home/travis/build/npmtest/node-npmtest-timeseries-analysis/test.js","s":{"1":2,"2":2,"3":2,"4":2,"5":2,"6":2,"7":2,"8":1,"9":2,"10":2,"11":1,"12":1,"13":1,"14":1,"15":2,"16":2,"17":2,"18":2,"19":1,"20":1,"21":2,"22":2,"23":2,"24":1,"25":1,"26":1,"27":1,"28":1,"29":1,"30":1,"31":1,"32":1,"33":1,"34":1,"35":1,"36":1,"37":1,"38":1,"39":2,"40":2,"41":1,"42":2,"43":2,"44":1,"45":2,"46":2,"47":1,"48":2,"49":2,"50":1,"51":1,"52":1,"53":1,"54":1},"b":{"1":[2,1,1,1],"2":[1,1,1,1],"3":[1,1],"4":[1,1],"5":[1,1],"6":[1,1],"7":[1,1],"8":[1,1],"9":[1,1],"10":[1,1,1],"11":[1,1],"12":[1,1],"13":[1,1],"14":[1,1],"15":[1,1],"16":[1,1],"17":[1,1]},"f":{"1":2,"2":2,"3":2,"4":2,"5":2,"6":1,"7":1,"8":1,"9":2,"10":2,"11":2,"12":2,"13":1},"fnMap":{"1":{"name":"(anonymous_1)","line":12,"loc":{"start":{"line":12,"column":1},"end":{"line":12,"column":13}}},"2":{"name":"(anonymous_2)","line":19,"loc":{"start":{"line":19,"column":5},"end":{"line":19,"column":17}}},"3":{"name":"(anonymous_3)","line":23,"loc":{"start":{"line":23,"column":24},"end":{"line":23,"column":36}}},"4":{"name":"(anonymous_4)","line":61,"loc":{"start":{"line":61,"column":5},"end":{"line":61,"column":17}}},"5":{"name":"(anonymous_5)","line":82,"loc":{"start":{"line":82,"column":5},"end":{"line":82,"column":17}}},"6":{"name":"(anonymous_6)","line":91,"loc":{"start":{"line":91,"column":77},"end":{"line":94,"column":10}}},"7":{"name":"(anonymous_7)","line":112,"loc":{"start":{"line":112,"column":83},"end":{"line":115,"column":10}},"skip":true},"8":{"name":"(anonymous_8)","line":123,"loc":{"start":{"line":123,"column":77},"end":{"line":126,"column":10}},"skip":true},"9":{"name":"(anonymous_9)","line":139,"loc":{"start":{"line":139,"column":12},"end":{"line":139,"column":40}},"skip":true},"10":{"name":"(anonymous_10)","line":147,"loc":{"start":{"line":147,"column":77},"end":{"line":150,"column":10}},"skip":true},"11":{"name":"(anonymous_11)","line":158,"loc":{"start":{"line":158,"column":83},"end":{"line":161,"column":10}},"skip":true},"12":{"name":"(anonymous_12)","line":169,"loc":{"start":{"line":169,"column":79},"end":{"line":172,"column":10}},"skip":true},"13":{"name":"(anonymous_13)","line":180,"loc":{"start":{"line":180,"column":75},"end":{"line":183,"column":10}},"skip":true}},"statementMap":{"1":{"start":{"line":12,"column":0},"end":{"line":195,"column":5}},"2":{"start":{"line":14,"column":4},"end":{"line":14,"column":14}},"3":{"start":{"line":19,"column":4},"end":{"line":56,"column":9}},"4":{"start":{"line":21,"column":8},"end":{"line":21,"column":19}},"5":{"start":{"line":23,"column":8},"end":{"line":35,"column":13}},"6":{"start":{"line":24,"column":12},"end":{"line":34,"column":13}},"7":{"start":{"line":25,"column":16},"end":{"line":28,"column":30}},"8":{"start":{"line":30,"column":16},"end":{"line":33,"column":27}},"9":{"start":{"line":37,"column":8},"end":{"line":39,"column":21}},"10":{"start":{"line":40,"column":8},"end":{"line":53,"column":9}},"11":{"start":{"line":43,"column":12},"end":{"line":46,"column":14}},"12":{"start":{"line":47,"column":12},"end":{"line":47,"column":18}},"13":{"start":{"line":50,"column":12},"end":{"line":51,"column":33}},"14":{"start":{"line":52,"column":12},"end":{"line":52,"column":18}},"15":{"start":{"line":55,"column":8},"end":{"line":55,"column":35}},"16":{"start":{"line":61,"column":4},"end":{"line":63,"column":9}},"17":{"start":{"line":62,"column":8},"end":{"line":62,"column":15}},"18":{"start":{"line":64,"column":4},"end":{"line":77,"column":5}},"19":{"start":{"line":70,"column":8},"end":{"line":70,"column":14}},"20":{"start":{"line":76,"column":8},"end":{"line":76,"column":14}},"21":{"start":{"line":82,"column":4},"end":{"line":84,"column":9}},"22":{"start":{"line":83,"column":8},"end":{"line":83,"column":15}},"23":{"start":{"line":85,"column":4},"end":{"line":194,"column":5}},"24":{"start":{"line":91,"column":8},"end":{"line":99,"column":10}},"25":{"start":{"line":98,"column":12},"end":{"line":98,"column":35}},"26":{"start":{"line":102,"column":8},"end":{"line":104,"column":63}},"27":{"start":{"line":105,"column":8},"end":{"line":105,"column":14}},"28":{"start":{"line":112,"column":8},"end":{"line":121,"column":10},"skip":true},"29":{"start":{"line":119,"column":12},"end":{"line":119,"column":55},"skip":true},"30":{"start":{"line":120,"column":12},"end":{"line":120,"column":48},"skip":true},"31":{"start":{"line":123,"column":8},"end":{"line":136,"column":10},"skip":true},"32":{"start":{"line":130,"column":12},"end":{"line":130,"column":76},"skip":true},"33":{"start":{"line":131,"column":12},"end":{"line":131,"column":73},"skip":true},"34":{"start":{"line":132,"column":12},"end":{"line":132,"column":74},"skip":true},"35":{"start":{"line":133,"column":12},"end":{"line":133,"column":79},"skip":true},"36":{"start":{"line":134,"column":12},"end":{"line":134,"column":25},"skip":true},"37":{"start":{"line":135,"column":12},"end":{"line":135,"column":45},"skip":true},"38":{"start":{"line":138,"column":8},"end":{"line":145,"column":14},"skip":true},"39":{"start":{"line":143,"column":16},"end":{"line":143,"column":29},"skip":true},"40":{"start":{"line":144,"column":16},"end":{"line":144,"column":55},"skip":true},"41":{"start":{"line":147,"column":8},"end":{"line":156,"column":10},"skip":true},"42":{"start":{"line":154,"column":12},"end":{"line":154,"column":25},"skip":true},"43":{"start":{"line":155,"column":12},"end":{"line":155,"column":45},"skip":true},"44":{"start":{"line":158,"column":8},"end":{"line":167,"column":10},"skip":true},"45":{"start":{"line":165,"column":12},"end":{"line":165,"column":25},"skip":true},"46":{"start":{"line":166,"column":12},"end":{"line":166,"column":48},"skip":true},"47":{"start":{"line":169,"column":8},"end":{"line":178,"column":10},"skip":true},"48":{"start":{"line":176,"column":12},"end":{"line":176,"column":25},"skip":true},"49":{"start":{"line":177,"column":12},"end":{"line":177,"column":46},"skip":true},"50":{"start":{"line":180,"column":8},"end":{"line":189,"column":10},"skip":true},"51":{"start":{"line":187,"column":12},"end":{"line":187,"column":94},"skip":true},"52":{"start":{"line":188,"column":12},"end":{"line":188,"column":48},"skip":true},"53":{"start":{"line":192,"column":8},"end":{"line":192,"column":35},"skip":true},"54":{"start":{"line":193,"column":8},"end":{"line":193,"column":14},"skip":true}},"branchMap":{"1":{"line":25,"type":"binary-expr","locations":[{"start":{"line":25,"column":23},"end":{"line":25,"column":62}},{"start":{"line":26,"column":20},"end":{"line":26,"column":70}},{"start":{"line":27,"column":20},"end":{"line":27,"column":71}},{"start":{"line":28,"column":20},"end":{"line":28,"column":29}}]},"2":{"line":30,"type":"binary-expr","locations":[{"start":{"line":30,"column":23},"end":{"line":30,"column":37}},{"start":{"line":31,"column":20},"end":{"line":31,"column":61}},{"start":{"line":32,"column":20},"end":{"line":32,"column":70}},{"start":{"line":33,"column":20},"end":{"line":33,"column":26}}]},"3":{"line":37,"type":"cond-expr","locations":[{"start":{"line":38,"column":14},"end":{"line":38,"column":20}},{"start":{"line":39,"column":14},"end":{"line":39,"column":20}}]},"4":{"line":40,"type":"switch","locations":[{"start":{"line":42,"column":8},"end":{"line":47,"column":18}},{"start":{"line":49,"column":8},"end":{"line":52,"column":18}}]},"5":{"line":44,"type":"binary-expr","locations":[{"start":{"line":44,"column":16},"end":{"line":44,"column":44}},{"start":{"line":44,"column":48},"end":{"line":44,"column":66}}]},"6":{"line":50,"type":"binary-expr","locations":[{"start":{"line":50,"column":21},"end":{"line":50,"column":49}},{"start":{"line":50,"column":53},"end":{"line":50,"column":72}}]},"7":{"line":64,"type":"switch","locations":[{"start":{"line":69,"column":4},"end":{"line":70,"column":14}},{"start":{"line":75,"column":4},"end":{"line":76,"column":14}}]},"8":{"line":85,"type":"switch","locations":[{"start":{"line":90,"column":4},"end":{"line":105,"column":14}},{"start":{"line":111,"column":4},"end":{"line":193,"column":14},"skip":true}]},"9":{"line":91,"type":"binary-expr","locations":[{"start":{"line":91,"column":42},"end":{"line":91,"column":73}},{"start":{"line":91,"column":77},"end":{"line":99,"column":9}}]},"10":{"line":102,"type":"binary-expr","locations":[{"start":{"line":102,"column":18},"end":{"line":102,"column":32}},{"start":{"line":103,"column":12},"end":{"line":103,"column":53}},{"start":{"line":104,"column":12},"end":{"line":104,"column":61}}]},"11":{"line":112,"type":"binary-expr","locations":[{"start":{"line":112,"column":45},"end":{"line":112,"column":79},"skip":true},{"start":{"line":112,"column":83},"end":{"line":121,"column":9},"skip":true}]},"12":{"line":123,"type":"binary-expr","locations":[{"start":{"line":123,"column":42},"end":{"line":123,"column":73},"skip":true},{"start":{"line":123,"column":77},"end":{"line":136,"column":9},"skip":true}]},"13":{"line":138,"type":"binary-expr","locations":[{"start":{"line":138,"column":48},"end":{"line":138,"column":85},"skip":true},{"start":{"line":139,"column":12},"end":{"line":145,"column":13},"skip":true}]},"14":{"line":147,"type":"binary-expr","locations":[{"start":{"line":147,"column":42},"end":{"line":147,"column":73},"skip":true},{"start":{"line":147,"column":77},"end":{"line":156,"column":9},"skip":true}]},"15":{"line":158,"type":"binary-expr","locations":[{"start":{"line":158,"column":45},"end":{"line":158,"column":79},"skip":true},{"start":{"line":158,"column":83},"end":{"line":167,"column":9},"skip":true}]},"16":{"line":169,"type":"binary-expr","locations":[{"start":{"line":169,"column":43},"end":{"line":169,"column":75},"skip":true},{"start":{"line":169,"column":79},"end":{"line":178,"column":9},"skip":true}]},"17":{"line":180,"type":"binary-expr","locations":[{"start":{"line":180,"column":41},"end":{"line":180,"column":71},"skip":true},{"start":{"line":180,"column":75},"end":{"line":189,"column":9},"skip":true}]}},"code":["/* istanbul instrument in package npmtest_timeseries_analysis */","/*jslint","    bitwise: true,","    browser: true,","    maxerr: 8,","    maxlen: 96,","    node: true,","    nomen: true,","    regexp: true,","    stupid: true","*/","(function () {","    'use strict';","    var local;","","","","    // run shared js-env code - pre-init","    (function () {","        // init local","        local = {};","        // init modeJs","        local.modeJs = (function () {","            try {","                return typeof navigator.userAgent === 'string' &&","                    typeof document.querySelector('body') === 'object' &&","                    typeof XMLHttpRequest.prototype.open === 'function' &&","                    'browser';","            } catch (errorCaughtBrowser) {","                return module.exports &&","                    typeof process.versions.node === 'string' &&","                    typeof require('http').createServer === 'function' &&","                    'node';","            }","        }());","        // init global","        local.global = local.modeJs === 'browser'","            ? window","            : global;","        switch (local.modeJs) {","        // re-init local from window.local","        case 'browser':","            local = local.global.utility2.objectSetDefault(","                local.global.utility2_rollup || local.global.local,","                local.global.utility2","            );","            break;","        // re-init local from example.js","        case 'node':","            local = (local.global.utility2_rollup || require('utility2'))","                .requireReadme();","            break;","        }","        // export local","        local.global.local = local;","    }());","","","","    // run shared js-env code - function","    (function () {","        return;","    }());","    switch (local.modeJs) {","","","","    // run browser js-env code - function","    case 'browser':","        break;","","","","    // run node js-env code - function","    case 'node':","        break;","    }","","","","    // run shared js-env code - post-init","    (function () {","        return;","    }());","    switch (local.modeJs) {","","","","    // run browser js-env code - post-init","    case 'browser':","        local.testCase_browser_nullCase = local.testCase_browser_nullCase || function (","            options,","            onError","        ) {","        /*","         * this function will test browsers's null-case handling-behavior-behavior","         */","            onError(null, options);","        };","","        // run tests","        local.nop(local.modeTest &&","            document.querySelector('#testRunButton1') &&","            document.querySelector('#testRunButton1').click());","        break;","","","","    // run node js-env code - post-init","    /* istanbul ignore next */","    case 'node':","        local.testCase_buildApidoc_default = local.testCase_buildApidoc_default || function (","            options,","            onError","        ) {","        /*","         * this function will test buildApidoc's default handling-behavior-behavior","         */","            options = { modulePathList: module.paths };","            local.buildApidoc(options, onError);","        };","","        local.testCase_buildApp_default = local.testCase_buildApp_default || function (","            options,","            onError","        ) {","        /*","         * this function will test buildApp's default handling-behavior-behavior","         */","            local.testCase_buildReadme_default(options, local.onErrorThrow);","            local.testCase_buildLib_default(options, local.onErrorThrow);","            local.testCase_buildTest_default(options, local.onErrorThrow);","            local.testCase_buildCustomOrg_default(options, local.onErrorThrow);","            options = [];","            local.buildApp(options, onError);","        };","","        local.testCase_buildCustomOrg_default = local.testCase_buildCustomOrg_default ||","            function (options, onError) {","            /*","             * this function will test buildCustomOrg's default handling-behavior","             */","                options = {};","                local.buildCustomOrg(options, onError);","            };","","        local.testCase_buildLib_default = local.testCase_buildLib_default || function (","            options,","            onError","        ) {","        /*","         * this function will test buildLib's default handling-behavior","         */","            options = {};","            local.buildLib(options, onError);","        };","","        local.testCase_buildReadme_default = local.testCase_buildReadme_default || function (","            options,","            onError","        ) {","        /*","         * this function will test buildReadme's default handling-behavior-behavior","         */","            options = {};","            local.buildReadme(options, onError);","        };","","        local.testCase_buildTest_default = local.testCase_buildTest_default || function (","            options,","            onError","        ) {","        /*","         * this function will test buildTest's default handling-behavior","         */","            options = {};","            local.buildTest(options, onError);","        };","","        local.testCase_webpage_default = local.testCase_webpage_default || function (","            options,","            onError","        ) {","        /*","         * this function will test webpage's default handling-behavior","         */","            options = { modeCoverageMerge: true, url: local.serverLocalHost + '?modeTest=1' };","            local.browserTest(options, onError);","        };","","        // run test-server","        local.testRunServer(local);","        break;","    }","}());",""],"l":{"12":2,"14":2,"19":2,"21":2,"23":2,"24":2,"25":2,"30":1,"37":2,"40":2,"43":1,"47":1,"50":1,"52":1,"55":2,"61":2,"62":2,"64":2,"70":1,"76":1,"82":2,"83":2,"85":2,"91":1,"98":1,"102":1,"105":1,"112":1,"119":1,"120":1,"123":1,"130":1,"131":1,"132":1,"133":1,"134":1,"135":1,"138":1,"143":2,"144":2,"147":1,"154":2,"155":2,"158":1,"165":2,"166":2,"169":1,"176":2,"177":2,"180":1,"187":1,"188":1,"192":1,"193":1}},"/home/travis/build/npmtest/node-npmtest-timeseries-analysis/lib.npmtest_timeseries_analysis.js":{"path":"/home/travis/build/npmtest/node-npmtest-timeseries-analysis/lib.npmtest_timeseries_analysis.js","s":{"1":2,"2":2,"3":2,"4":2,"5":2,"6":2,"7":2,"8":1,"9":2,"10":2,"11":2,"12":2,"13":1,"14":1,"15":1,"16":1},"b":{"1":[2,1,1,1],"2":[1,1,1,1],"3":[1,1],"4":[2,2],"5":[1,1]},"f":{"1":2,"2":2,"3":2},"fnMap":{"1":{"name":"(anonymous_1)","line":12,"loc":{"start":{"line":12,"column":1},"end":{"line":12,"column":13}}},"2":{"name":"(anonymous_2)","line":19,"loc":{"start":{"line":19,"column":5},"end":{"line":19,"column":17}}},"3":{"name":"(anonymous_3)","line":23,"loc":{"start":{"line":23,"column":24},"end":{"line":23,"column":36}}}},"statementMap":{"1":{"start":{"line":12,"column":0},"end":{"line":53,"column":5}},"2":{"start":{"line":14,"column":4},"end":{"line":14,"column":14}},"3":{"start":{"line":19,"column":4},"end":{"line":52,"column":9}},"4":{"start":{"line":21,"column":8},"end":{"line":21,"column":19}},"5":{"start":{"line":23,"column":8},"end":{"line":35,"column":13}},"6":{"start":{"line":24,"column":12},"end":{"line":34,"column":13}},"7":{"start":{"line":25,"column":16},"end":{"line":28,"column":30}},"8":{"start":{"line":30,"column":16},"end":{"line":33,"column":27}},"9":{"start":{"line":37,"column":8},"end":{"line":39,"column":21}},"10":{"start":{"line":41,"column":8},"end":{"line":41,"column":54}},"11":{"start":{"line":43,"column":8},"end":{"line":43,"column":64}},"12":{"start":{"line":45,"column":8},"end":{"line":51,"column":9}},"13":{"start":{"line":46,"column":12},"end":{"line":46,"column":70}},"14":{"start":{"line":48,"column":12},"end":{"line":48,"column":35}},"15":{"start":{"line":49,"column":12},"end":{"line":49,"column":49}},"16":{"start":{"line":50,"column":12},"end":{"line":50,"column":43}}},"branchMap":{"1":{"line":25,"type":"binary-expr","locations":[{"start":{"line":25,"column":23},"end":{"line":25,"column":62}},{"start":{"line":26,"column":20},"end":{"line":26,"column":70}},{"start":{"line":27,"column":20},"end":{"line":27,"column":71}},{"start":{"line":28,"column":20},"end":{"line":28,"column":29}}]},"2":{"line":30,"type":"binary-expr","locations":[{"start":{"line":30,"column":23},"end":{"line":30,"column":37}},{"start":{"line":31,"column":20},"end":{"line":31,"column":61}},{"start":{"line":32,"column":20},"end":{"line":32,"column":70}},{"start":{"line":33,"column":20},"end":{"line":33,"column":26}}]},"3":{"line":37,"type":"cond-expr","locations":[{"start":{"line":38,"column":14},"end":{"line":38,"column":20}},{"start":{"line":39,"column":14},"end":{"line":39,"column":20}}]},"4":{"line":41,"type":"binary-expr","locations":[{"start":{"line":41,"column":16},"end":{"line":41,"column":44}},{"start":{"line":41,"column":48},"end":{"line":41,"column":53}}]},"5":{"line":45,"type":"if","locations":[{"start":{"line":45,"column":8},"end":{"line":45,"column":8}},{"start":{"line":45,"column":8},"end":{"line":45,"column":8}}]}},"code":["/* istanbul instrument in package npmtest_timeseries_analysis */","/*jslint","    bitwise: true,","    browser: true,","    maxerr: 8,","    maxlen: 96,","    node: true,","    nomen: true,","    regexp: true,","    stupid: true","*/","(function () {","    'use strict';","    var local;","","","","    // run shared js-env code - pre-init","    (function () {","        // init local","        local = {};","        // init modeJs","        local.modeJs = (function () {","            try {","                return typeof navigator.userAgent === 'string' &&","                    typeof document.querySelector('body') === 'object' &&","                    typeof XMLHttpRequest.prototype.open === 'function' &&","                    'browser';","            } catch (errorCaughtBrowser) {","                return module.exports &&","                    typeof process.versions.node === 'string' &&","                    typeof require('http').createServer === 'function' &&","                    'node';","            }","        }());","        // init global","        local.global = local.modeJs === 'browser'","            ? window","            : global;","        // init utility2_rollup","        local = local.global.utility2_rollup || local;","        // init lib","        local.local = local.npmtest_timeseries_analysis = local;","        // init exports","        if (local.modeJs === 'browser') {","            local.global.utility2_npmtest_timeseries_analysis = local;","        } else {","            module.exports = local;","            module.exports.__dirname = __dirname;","            module.exports.module = module;","        }","    }());","}());",""],"l":{"12":2,"14":2,"19":2,"21":2,"23":2,"24":2,"25":2,"30":1,"37":2,"41":2,"43":2,"45":2,"46":1,"48":1,"49":1,"50":1}},"/home/travis/build/npmtest/node-npmtest-timeseries-analysis/example.js":{"path":"/home/travis/build/npmtest/node-npmtest-timeseries-analysis/example.js","s":{"1":2,"2":2,"3":2,"4":2,"5":2,"6":2,"7":2,"8":1,"9":2,"10":2,"11":2,"12":2,"13":1,"14":2,"15":2,"16":2,"17":2,"18":2,"19":0,"20":2,"21":1,"22":1,"23":1,"24":1,"25":1,"26":0,"27":0,"28":1,"29":1,"30":2,"31":0,"32":0,"33":0,"34":1,"35":2,"36":2,"37":3,"38":3,"39":3,"40":3,"41":0,"42":3,"43":3,"44":3,"45":1,"46":3,"47":1,"48":1,"49":1,"50":1,"51":1,"52":1,"53":1,"54":1,"55":1,"56":1,"57":0,"58":1,"59":6,"60":6,"61":1,"62":2,"63":0,"64":2,"65":1,"66":1,"67":0,"68":0,"69":0,"70":0,"71":0,"72":0,"73":0,"74":0,"75":0,"76":0,"77":0,"78":0,"79":0,"80":0,"81":0,"82":0,"83":0},"b":{"1":[2,1,1,1],"2":[1,1,1,1],"3":[1,1],"4":[2,2],"5":[1,1],"6":[1,1],"7":[2,0],"8":[2,1,1,1,1,1],"9":[0,2,0],"10":[1,1],"11":[2,1,1],"12":[1,0],"13":[0,2],"14":[2,0,0,0,0,0,0],"15":[0,3],"16":[3,0],"17":[1,1],"18":[0,1],"19":[1,2,0,2],"20":[1,0],"21":[1,1],"22":[0,0],"23":[0,0],"24":[0,0],"25":[0,0],"26":[0,0],"27":[0,0],"28":[0,0]},"f":{"1":2,"2":2,"3":2,"4":2,"5":2,"6":2,"7":3,"8":3,"9":3,"10":1,"11":6,"12":0},"fnMap":{"1":{"name":"(anonymous_1)","line":26,"loc":{"start":{"line":26,"column":1},"end":{"line":26,"column":13}}},"2":{"name":"(anonymous_2)","line":33,"loc":{"start":{"line":33,"column":5},"end":{"line":33,"column":17}}},"3":{"name":"(anonymous_3)","line":37,"loc":{"start":{"line":37,"column":24},"end":{"line":37,"column":36}}},"4":{"name":"(anonymous_4)","line":69,"loc":{"start":{"line":69,"column":31},"end":{"line":69,"column":48}},"skip":true},"5":{"name":"(anonymous_5)","line":78,"loc":{"start":{"line":78,"column":26},"end":{"line":78,"column":45}},"skip":true},"6":{"name":"(anonymous_6)","line":123,"loc":{"start":{"line":123,"column":33},"end":{"line":123,"column":48}},"skip":true},"7":{"name":"(anonymous_7)","line":125,"loc":{"start":{"line":125,"column":27},"end":{"line":125,"column":39}},"skip":true},"8":{"name":"(anonymous_8)","line":133,"loc":{"start":{"line":133,"column":59},"end":{"line":133,"column":74}},"skip":true},"9":{"name":"(anonymous_9)","line":143,"loc":{"start":{"line":143,"column":45},"end":{"line":143,"column":62}},"skip":true},"10":{"name":"(anonymous_10)","line":144,"loc":{"start":{"line":144,"column":73},"end":{"line":144,"column":92}},"skip":true},"11":{"name":"(anonymous_11)","line":272,"loc":{"start":{"line":272,"column":51},"end":{"line":272,"column":77}},"skip":true},"12":{"name":"(anonymous_12)","line":315,"loc":{"start":{"line":315,"column":32},"end":{"line":315,"column":61}},"skip":true}},"statementMap":{"1":{"start":{"line":26,"column":0},"end":{"line":326,"column":5}},"2":{"start":{"line":28,"column":4},"end":{"line":28,"column":14}},"3":{"start":{"line":33,"column":4},"end":{"line":60,"column":9}},"4":{"start":{"line":35,"column":8},"end":{"line":35,"column":19}},"5":{"start":{"line":37,"column":8},"end":{"line":49,"column":13}},"6":{"start":{"line":38,"column":12},"end":{"line":48,"column":13}},"7":{"start":{"line":39,"column":16},"end":{"line":42,"column":30}},"8":{"start":{"line":44,"column":16},"end":{"line":47,"column":27}},"9":{"start":{"line":51,"column":8},"end":{"line":53,"column":21}},"10":{"start":{"line":55,"column":8},"end":{"line":57,"column":45}},"11":{"start":{"line":59,"column":8},"end":{"line":59,"column":35}},"12":{"start":{"line":61,"column":4},"end":{"line":325,"column":5}},"13":{"start":{"line":69,"column":8},"end":{"line":121,"column":10},"skip":true},"14":{"start":{"line":70,"column":12},"end":{"line":88,"column":13},"skip":true},"15":{"start":{"line":76,"column":16},"end":{"line":87,"column":19},"skip":true},"16":{"start":{"line":79,"column":20},"end":{"line":86,"column":21},"skip":true},"17":{"start":{"line":82,"column":24},"end":{"line":82,"column":43},"skip":true},"18":{"start":{"line":83,"column":24},"end":{"line":83,"column":30},"skip":true},"19":{"start":{"line":85,"column":24},"end":{"line":85,"column":49},"skip":true},"20":{"start":{"line":89,"column":12},"end":{"line":107,"column":13},"skip":true},"21":{"start":{"line":92,"column":16},"end":{"line":102,"column":17},"skip":true},"22":{"start":{"line":93,"column":20},"end":{"line":93,"column":86},"skip":true},"23":{"start":{"line":94,"column":20},"end":{"line":95,"column":45},"skip":true},"24":{"start":{"line":96,"column":20},"end":{"line":96,"column":42},"skip":true},"25":{"start":{"line":97,"column":20},"end":{"line":97,"column":48},"skip":true},"26":{"start":{"line":100,"column":20},"end":{"line":100,"column":85},"skip":true},"27":{"start":{"line":101,"column":20},"end":{"line":101,"column":96},"skip":true},"28":{"start":{"line":103,"column":16},"end":{"line":103,"column":22},"skip":true},"29":{"start":{"line":106,"column":16},"end":{"line":106,"column":22},"skip":true},"30":{"start":{"line":108,"column":12},"end":{"line":120,"column":13},"skip":true},"31":{"start":{"line":114,"column":16},"end":{"line":119,"column":17},"skip":true},"32":{"start":{"line":116,"column":20},"end":{"line":116,"column":78},"skip":true},"33":{"start":{"line":118,"column":20},"end":{"line":118,"column":47},"skip":true},"34":{"start":{"line":123,"column":8},"end":{"line":141,"column":11},"skip":true},"35":{"start":{"line":124,"column":12},"end":{"line":124,"column":54},"skip":true},"36":{"start":{"line":125,"column":12},"end":{"line":140,"column":14},"skip":true},"37":{"start":{"line":126,"column":16},"end":{"line":126,"column":28},"skip":true},"38":{"start":{"line":127,"column":16},"end":{"line":127,"column":69},"skip":true},"39":{"start":{"line":128,"column":16},"end":{"line":128,"column":75},"skip":true},"40":{"start":{"line":129,"column":16},"end":{"line":131,"column":17},"skip":true},"41":{"start":{"line":130,"column":20},"end":{"line":130,"column":27},"skip":true},"42":{"start":{"line":133,"column":16},"end":{"line":137,"column":36},"skip":true},"43":{"start":{"line":134,"column":20},"end":{"line":136,"column":55},"skip":true},"44":{"start":{"line":139,"column":16},"end":{"line":139,"column":57},"skip":true},"45":{"start":{"line":143,"column":8},"end":{"line":147,"column":11},"skip":true},"46":{"start":{"line":144,"column":12},"end":{"line":146,"column":15},"skip":true},"47":{"start":{"line":145,"column":16},"end":{"line":145,"column":70},"skip":true},"48":{"start":{"line":149,"column":8},"end":{"line":149,"column":31},"skip":true},"49":{"start":{"line":150,"column":8},"end":{"line":150,"column":14},"skip":true},"50":{"start":{"line":158,"column":8},"end":{"line":158,"column":31},"skip":true},"51":{"start":{"line":160,"column":8},"end":{"line":160,"column":33},"skip":true},"52":{"start":{"line":161,"column":8},"end":{"line":161,"column":37},"skip":true},"53":{"start":{"line":162,"column":8},"end":{"line":162,"column":35},"skip":true},"54":{"start":{"line":164,"column":8},"end":{"line":164,"column":50},"skip":true},"55":{"start":{"line":166,"column":8},"end":{"line":256,"column":2},"skip":true},"56":{"start":{"line":258,"column":8},"end":{"line":286,"column":9},"skip":true},"57":{"start":{"line":259,"column":12},"end":{"line":269,"column":14},"skip":true},"58":{"start":{"line":271,"column":12},"end":{"line":285,"column":19},"skip":true},"59":{"start":{"line":274,"column":20},"end":{"line":274,"column":35},"skip":true},"60":{"start":{"line":275,"column":20},"end":{"line":284,"column":21},"skip":true},"61":{"start":{"line":277,"column":24},"end":{"line":277,"column":64},"skip":true},"62":{"start":{"line":279,"column":24},"end":{"line":279,"column":40},"skip":true},"63":{"start":{"line":281,"column":24},"end":{"line":281,"column":40},"skip":true},"64":{"start":{"line":283,"column":24},"end":{"line":283,"column":39},"skip":true},"65":{"start":{"line":288,"column":8},"end":{"line":290,"column":9},"skip":true},"66":{"start":{"line":289,"column":12},"end":{"line":289,"column":18},"skip":true},"67":{"start":{"line":291,"column":8},"end":{"line":293,"column":54},"skip":true},"68":{"start":{"line":296,"column":8},"end":{"line":301,"column":37},"skip":true},"69":{"start":{"line":303,"column":8},"end":{"line":303,"column":82},"skip":true},"70":{"start":{"line":306,"column":8},"end":{"line":308,"column":9},"skip":true},"71":{"start":{"line":307,"column":12},"end":{"line":307,"column":82},"skip":true},"72":{"start":{"line":310,"column":8},"end":{"line":312,"column":9},"skip":true},"73":{"start":{"line":311,"column":12},"end":{"line":311,"column":18},"skip":true},"74":{"start":{"line":313,"column":8},"end":{"line":313,"column":54},"skip":true},"75":{"start":{"line":314,"column":8},"end":{"line":314,"column":69},"skip":true},"76":{"start":{"line":315,"column":8},"end":{"line":323,"column":36},"skip":true},"77":{"start":{"line":316,"column":12},"end":{"line":316,"column":61},"skip":true},"78":{"start":{"line":317,"column":12},"end":{"line":320,"column":13},"skip":true},"79":{"start":{"line":318,"column":16},"end":{"line":318,"column":75},"skip":true},"80":{"start":{"line":319,"column":16},"end":{"line":319,"column":23},"skip":true},"81":{"start":{"line":321,"column":12},"end":{"line":321,"column":38},"skip":true},"82":{"start":{"line":322,"column":12},"end":{"line":322,"column":27},"skip":true},"83":{"start":{"line":324,"column":8},"end":{"line":324,"column":14},"skip":true}},"branchMap":{"1":{"line":39,"type":"binary-expr","locations":[{"start":{"line":39,"column":23},"end":{"line":39,"column":62}},{"start":{"line":40,"column":20},"end":{"line":40,"column":70}},{"start":{"line":41,"column":20},"end":{"line":41,"column":71}},{"start":{"line":42,"column":20},"end":{"line":42,"column":29}}]},"2":{"line":44,"type":"binary-expr","locations":[{"start":{"line":44,"column":23},"end":{"line":44,"column":37}},{"start":{"line":45,"column":20},"end":{"line":45,"column":61}},{"start":{"line":46,"column":20},"end":{"line":46,"column":70}},{"start":{"line":47,"column":20},"end":{"line":47,"column":26}}]},"3":{"line":51,"type":"cond-expr","locations":[{"start":{"line":52,"column":14},"end":{"line":52,"column":20}},{"start":{"line":53,"column":14},"end":{"line":53,"column":20}}]},"4":{"line":55,"type":"binary-expr","locations":[{"start":{"line":55,"column":16},"end":{"line":55,"column":44}},{"start":{"line":55,"column":49},"end":{"line":57,"column":43}}]},"5":{"line":55,"type":"cond-expr","locations":[{"start":{"line":56,"column":14},"end":{"line":56,"column":63}},{"start":{"line":57,"column":14},"end":{"line":57,"column":43}}]},"6":{"line":61,"type":"switch","locations":[{"start":{"line":68,"column":4},"end":{"line":150,"column":14},"skip":true},{"start":{"line":156,"column":4},"end":{"line":324,"column":14},"skip":true}]},"7":{"line":70,"type":"if","locations":[{"start":{"line":70,"column":12},"end":{"line":70,"column":12},"skip":true},{"start":{"line":70,"column":12},"end":{"line":70,"column":12},"skip":true}]},"8":{"line":70,"type":"binary-expr","locations":[{"start":{"line":70,"column":16},"end":{"line":70,"column":22},"skip":true},{"start":{"line":70,"column":27},"end":{"line":70,"column":32},"skip":true},{"start":{"line":71,"column":20},"end":{"line":71,"column":39},"skip":true},{"start":{"line":72,"column":20},"end":{"line":72,"column":49},"skip":true},{"start":{"line":73,"column":20},"end":{"line":73,"column":58},"skip":true},{"start":{"line":74,"column":20},"end":{"line":74,"column":69},"skip":true}]},"9":{"line":79,"type":"switch","locations":[{"start":{"line":80,"column":20},"end":{"line":80,"column":33},"skip":true},{"start":{"line":81,"column":20},"end":{"line":83,"column":30},"skip":true},{"start":{"line":84,"column":20},"end":{"line":85,"column":49},"skip":true}]},"10":{"line":89,"type":"switch","locations":[{"start":{"line":90,"column":12},"end":{"line":103,"column":22},"skip":true},{"start":{"line":105,"column":12},"end":{"line":106,"column":22},"skip":true}]},"11":{"line":89,"type":"binary-expr","locations":[{"start":{"line":89,"column":20},"end":{"line":89,"column":25},"skip":true},{"start":{"line":89,"column":29},"end":{"line":89,"column":48},"skip":true},{"start":{"line":89,"column":52},"end":{"line":89,"column":74},"skip":true}]},"12":{"line":92,"type":"if","locations":[{"start":{"line":92,"column":16},"end":{"line":92,"column":16},"skip":true},{"start":{"line":92,"column":16},"end":{"line":92,"column":16},"skip":true}]},"13":{"line":108,"type":"if","locations":[{"start":{"line":108,"column":12},"end":{"line":108,"column":12},"skip":true},{"start":{"line":108,"column":12},"end":{"line":108,"column":12},"skip":true}]},"14":{"line":108,"type":"binary-expr","locations":[{"start":{"line":108,"column":16},"end":{"line":108,"column":61},"skip":true},{"start":{"line":108,"column":66},"end":{"line":108,"column":72},"skip":true},{"start":{"line":108,"column":77},"end":{"line":108,"column":82},"skip":true},{"start":{"line":109,"column":20},"end":{"line":109,"column":39},"skip":true},{"start":{"line":110,"column":20},"end":{"line":110,"column":49},"skip":true},{"start":{"line":111,"column":20},"end":{"line":111,"column":58},"skip":true},{"start":{"line":112,"column":20},"end":{"line":112,"column":68},"skip":true}]},"15":{"line":129,"type":"if","locations":[{"start":{"line":129,"column":16},"end":{"line":129,"column":16},"skip":true},{"start":{"line":129,"column":16},"end":{"line":129,"column":16},"skip":true}]},"16":{"line":134,"type":"cond-expr","locations":[{"start":{"line":135,"column":26},"end":{"line":135,"column":29},"skip":true},{"start":{"line":136,"column":26},"end":{"line":136,"column":54},"skip":true}]},"17":{"line":164,"type":"binary-expr","locations":[{"start":{"line":164,"column":27},"end":{"line":164,"column":43},"skip":true},{"start":{"line":164,"column":47},"end":{"line":164,"column":49},"skip":true}]},"18":{"line":258,"type":"if","locations":[{"start":{"line":258,"column":8},"end":{"line":258,"column":8},"skip":true},{"start":{"line":258,"column":8},"end":{"line":258,"column":8},"skip":true}]},"19":{"line":275,"type":"switch","locations":[{"start":{"line":276,"column":20},"end":{"line":277,"column":64},"skip":true},{"start":{"line":278,"column":20},"end":{"line":279,"column":40},"skip":true},{"start":{"line":280,"column":20},"end":{"line":281,"column":40},"skip":true},{"start":{"line":282,"column":20},"end":{"line":283,"column":39},"skip":true}]},"20":{"line":288,"type":"if","locations":[{"start":{"line":288,"column":8},"end":{"line":288,"column":8},"skip":true},{"start":{"line":288,"column":8},"end":{"line":288,"column":8},"skip":true}]},"21":{"line":288,"type":"binary-expr","locations":[{"start":{"line":288,"column":12},"end":{"line":288,"column":40},"skip":true},{"start":{"line":288,"column":44},"end":{"line":288,"column":67},"skip":true}]},"22":{"line":292,"type":"binary-expr","locations":[{"start":{"line":292,"column":12},"end":{"line":292,"column":50},"skip":true},{"start":{"line":293,"column":12},"end":{"line":293,"column":53},"skip":true}]},"23":{"line":297,"type":"binary-expr","locations":[{"start":{"line":297,"column":12},"end":{"line":297,"column":77},"skip":true},{"start":{"line":298,"column":12},"end":{"line":301,"column":36},"skip":true}]},"24":{"line":303,"type":"binary-expr","locations":[{"start":{"line":303,"column":43},"end":{"line":303,"column":75},"skip":true},{"start":{"line":303,"column":79},"end":{"line":303,"column":81},"skip":true}]},"25":{"line":306,"type":"if","locations":[{"start":{"line":306,"column":8},"end":{"line":306,"column":8},"skip":true},{"start":{"line":306,"column":8},"end":{"line":306,"column":8},"skip":true}]},"26":{"line":310,"type":"if","locations":[{"start":{"line":310,"column":8},"end":{"line":310,"column":8},"skip":true},{"start":{"line":310,"column":8},"end":{"line":310,"column":8},"skip":true}]},"27":{"line":313,"type":"binary-expr","locations":[{"start":{"line":313,"column":27},"end":{"line":313,"column":43},"skip":true},{"start":{"line":313,"column":47},"end":{"line":313,"column":53},"skip":true}]},"28":{"line":317,"type":"if","locations":[{"start":{"line":317,"column":12},"end":{"line":317,"column":12},"skip":true},{"start":{"line":317,"column":12},"end":{"line":317,"column":12},"skip":true}]}},"code":["/*","example.js","","quickstart example","","instruction","    1. save this script as example.js","    2. run the shell command:","        $ npm install npmtest-timeseries-analysis && PORT=8081 node example.js","    3. play with the browser-demo on http://127.0.0.1:8081","*/","","","","/* istanbul instrument in package npmtest_timeseries_analysis */","/*jslint","    bitwise: true,","    browser: true,","    maxerr: 8,","    maxlen: 96,","    node: true,","    nomen: true,","    regexp: true,","    stupid: true","*/","(function () {","    'use strict';","    var local;","","","","    // run shared js-env code - pre-init","    (function () {","        // init local","        local = {};","        // init modeJs","        local.modeJs = (function () {","            try {","                return typeof navigator.userAgent === 'string' &&","                    typeof document.querySelector('body') === 'object' &&","                    typeof XMLHttpRequest.prototype.open === 'function' &&","                    'browser';","            } catch (errorCaughtBrowser) {","                return module.exports &&","                    typeof process.versions.node === 'string' &&","                    typeof require('http').createServer === 'function' &&","                    'node';","            }","        }());","        // init global","        local.global = local.modeJs === 'browser'","            ? window","            : global;","        // init utility2_rollup","        local = local.global.utility2_rollup || (local.modeJs === 'browser'","            ? local.global.utility2_npmtest_timeseries_analysis","            : global.utility2_moduleExports);","        // export local","        local.global.local = local;","    }());","    switch (local.modeJs) {","","","","    // post-init","    // run browser js-env code - post-init","    /* istanbul ignore next */","    case 'browser':","        local.testRunBrowser = function (event) {","            if (!event || (event &&","                    event.currentTarget &&","                    event.currentTarget.className &&","                    event.currentTarget.className.includes &&","                    event.currentTarget.className.includes('onreset'))) {","                // reset output","                Array.from(","                    document.querySelectorAll('body > .resettable')","                ).forEach(function (element) {","                    switch (element.tagName) {","                    case 'INPUT':","                    case 'TEXTAREA':","                        element.value = '';","                        break;","                    default:","                        element.textContent = '';","                    }","                });","            }","            switch (event && event.currentTarget && event.currentTarget.id) {","            case 'testRunButton1':","                // show tests","                if (document.querySelector('#testReportDiv1').style.display === 'none') {","                    document.querySelector('#testReportDiv1').style.display = 'block';","                    document.querySelector('#testRunButton1').textContent =","                        'hide internal test';","                    local.modeTest = true;","                    local.testRunDefault(local);","                // hide tests","                } else {","                    document.querySelector('#testReportDiv1').style.display = 'none';","                    document.querySelector('#testRunButton1').textContent = 'run internal test';","                }","                break;","            // custom-case","            default:","                break;","            }","            if (document.querySelector('#inputTextareaEval1') && (!event || (event &&","                    event.currentTarget &&","                    event.currentTarget.className &&","                    event.currentTarget.className.includes &&","                    event.currentTarget.className.includes('oneval')))) {","                // try to eval input-code","                try {","                    /*jslint evil: true*/","                    eval(document.querySelector('#inputTextareaEval1').value);","                } catch (errorCaught) {","                    console.error(errorCaught);","                }","            }","        };","        // log stderr and stdout to #outputTextareaStdout1","        ['error', 'log'].forEach(function (key) {","            console[key + '_original'] = console[key];","            console[key] = function () {","                var element;","                console[key + '_original'].apply(console, arguments);","                element = document.querySelector('#outputTextareaStdout1');","                if (!element) {","                    return;","                }","                // append text to #outputTextareaStdout1","                element.value += Array.from(arguments).map(function (arg) {","                    return typeof arg === 'string'","                        ? arg","                        : JSON.stringify(arg, null, 4);","                }).join(' ') + '\\n';","                // scroll textarea to bottom","                element.scrollTop = element.scrollHeight;","            };","        });","        // init event-handling","        ['change', 'click', 'keyup'].forEach(function (event) {","            Array.from(document.querySelectorAll('.on' + event)).forEach(function (element) {","                element.addEventListener(event, local.testRunBrowser);","            });","        });","        // run tests","        local.testRunBrowser();","        break;","","","","    // run node js-env code - post-init","    /* istanbul ignore next */","    case 'node':","        // export local","        module.exports = local;","        // require modules","        local.fs = require('fs');","        local.http = require('http');","        local.url = require('url');","        // init assets","        local.assetsDict = local.assetsDict || {};","        /* jslint-ignore-begin */","        local.assetsDict['/assets.index.template.html'] = '\\","<!doctype html>\\n\\","<html lang=\"en\">\\n\\","<head>\\n\\","<meta charset=\"UTF-8\">\\n\\","<meta name=\"viewport\" content=\"width=device-width, initial-scale=1\">\\n\\","<title>{{env.npm_package_name}} (v{{env.npm_package_version}})</title>\\n\\","<style>\\n\\","/*csslint\\n\\","    box-sizing: false,\\n\\","    universal-selector: false\\n\\","*/\\n\\","* {\\n\\","    box-sizing: border-box;\\n\\","}\\n\\","body {\\n\\","    background: #dde;\\n\\","    font-family: Arial, Helvetica, sans-serif;\\n\\","    margin: 2rem;\\n\\","}\\n\\","body > * {\\n\\","    margin-bottom: 1rem;\\n\\","}\\n\\",".utility2FooterDiv {\\n\\","    margin-top: 20px;\\n\\","    text-align: center;\\n\\","}\\n\\","</style>\\n\\","<style>\\n\\","/*csslint\\n\\","*/\\n\\","textarea {\\n\\","    font-family: monospace;\\n\\","    height: 10rem;\\n\\","    width: 100%;\\n\\","}\\n\\","textarea[readonly] {\\n\\","    background: #ddd;\\n\\","}\\n\\","</style>\\n\\","</head>\\n\\","<body>\\n\\","<!-- utility2-comment\\n\\","<div id=\"ajaxProgressDiv1\" style=\"background: #d00; height: 2px; left: 0; margin: 0; padding: 0; position: fixed; top: 0; transition: background 0.5s, width 1.5s; width: 25%;\"></div>\\n\\","utility2-comment -->\\n\\","<h1>\\n\\","<!-- utility2-comment\\n\\","    <a\\n\\","        {{#if env.npm_package_homepage}}\\n\\","        href=\"{{env.npm_package_homepage}}\"\\n\\","        {{/if env.npm_package_homepage}}\\n\\","        target=\"_blank\"\\n\\","    >\\n\\","utility2-comment -->\\n\\","        {{env.npm_package_name}} (v{{env.npm_package_version}})\\n\\","<!-- utility2-comment\\n\\","    </a>\\n\\","utility2-comment -->\\n\\","</h1>\\n\\","<h3>{{env.npm_package_description}}</h3>\\n\\","<!-- utility2-comment\\n\\","<h4><a download href=\"assets.app.js\">download standalone app</a></h4>\\n\\","<button class=\"onclick onreset\" id=\"testRunButton1\">run internal test</button><br>\\n\\","<div id=\"testReportDiv1\" style=\"display: none;\"></div>\\n\\","utility2-comment -->\\n\\","\\n\\","\\n\\","\\n\\","<label>stderr and stdout</label>\\n\\","<textarea class=\"resettable\" id=\"outputTextareaStdout1\" readonly></textarea>\\n\\","<!-- utility2-comment\\n\\","{{#if isRollup}}\\n\\","<script src=\"assets.app.js\"></script>\\n\\","{{#unless isRollup}}\\n\\","utility2-comment -->\\n\\","<script src=\"assets.utility2.rollup.js\"></script>\\n\\","<script src=\"jsonp.utility2._stateInit?callback=window.utility2._stateInit\"></script>\\n\\","<script src=\"assets.npmtest_timeseries_analysis.rollup.js\"></script>\\n\\","<script src=\"assets.example.js\"></script>\\n\\","<script src=\"assets.test.js\"></script>\\n\\","<!-- utility2-comment\\n\\","{{/if isRollup}}\\n\\","utility2-comment -->\\n\\","<div class=\"utility2FooterDiv\">\\n\\","    [ this app was created with\\n\\","    <a href=\"https://github.com/kaizhu256/node-utility2\" target=\"_blank\">utility2</a>\\n\\","    ]\\n\\","</div>\\n\\","</body>\\n\\","</html>\\n\\","';","        /* jslint-ignore-end */","        if (local.templateRender) {","            local.assetsDict['/'] = local.templateRender(","                local.assetsDict['/assets.index.template.html'],","                {","                    env: local.objectSetDefault(local.env, {","                        npm_package_description: 'the greatest app in the world!',","                        npm_package_name: 'my-app',","                        npm_package_nameAlias: 'my_app',","                        npm_package_version: '0.0.1'","                    })","                }","            );","        } else {","            local.assetsDict['/'] = local.assetsDict['/assets.index.template.html']","                .replace((/\\{\\{env\\.(\\w+?)\\}\\}/g), function (match0, match1) {","                    // jslint-hack","                    String(match0);","                    switch (match1) {","                    case 'npm_package_description':","                        return 'the greatest app in the world!';","                    case 'npm_package_name':","                        return 'my-app';","                    case 'npm_package_nameAlias':","                        return 'my_app';","                    case 'npm_package_version':","                        return '0.0.1';","                    }","                });","        }","        // run the cli","        if (local.global.utility2_rollup || module !== require.main) {","            break;","        }","        local.assetsDict['/assets.example.js'] =","            local.assetsDict['/assets.example.js'] ||","            local.fs.readFileSync(__filename, 'utf8');","        // bug-workaround - long $npm_package_buildCustomOrg","        /* jslint-ignore-begin */","        local.assetsDict['/assets.npmtest_timeseries_analysis.rollup.js'] =","            local.assetsDict['/assets.npmtest_timeseries_analysis.rollup.js'] ||","            local.fs.readFileSync(","                local.npmtest_timeseries_analysis.__dirname + '/lib.npmtest_timeseries_analysis.js',","                'utf8'","            ).replace((/^#!/), '//');","        /* jslint-ignore-end */","        local.assetsDict['/favicon.ico'] = local.assetsDict['/favicon.ico'] || '';","        // if $npm_config_timeout_exit exists,","        // then exit this process after $npm_config_timeout_exit ms","        if (Number(process.env.npm_config_timeout_exit)) {","            setTimeout(process.exit, Number(process.env.npm_config_timeout_exit));","        }","        // start server","        if (local.global.utility2_serverHttp1) {","            break;","        }","        process.env.PORT = process.env.PORT || '8081';","        console.error('server starting on port ' + process.env.PORT);","        local.http.createServer(function (request, response) {","            request.urlParsed = local.url.parse(request.url);","            if (local.assetsDict[request.urlParsed.pathname] !== undefined) {","                response.end(local.assetsDict[request.urlParsed.pathname]);","                return;","            }","            response.statusCode = 404;","            response.end();","        }).listen(process.env.PORT);","        break;","    }","}());",""],"l":{"26":2,"28":2,"33":2,"35":2,"37":2,"38":2,"39":2,"44":1,"51":2,"55":2,"59":2,"61":2,"69":1,"70":2,"76":2,"79":2,"82":2,"83":2,"85":1,"89":2,"92":1,"93":1,"94":1,"96":1,"97":1,"100":1,"101":1,"103":1,"106":1,"108":2,"114":1,"116":1,"118":1,"123":1,"124":2,"125":2,"126":3,"127":3,"128":3,"129":3,"130":1,"133":3,"134":3,"139":3,"143":1,"144":3,"145":1,"149":1,"150":1,"158":1,"160":1,"161":1,"162":1,"164":1,"166":1,"258":1,"259":1,"271":1,"274":6,"275":6,"277":1,"279":2,"281":1,"283":2,"288":1,"289":1,"291":1,"296":1,"303":1,"306":1,"307":1,"310":1,"311":1,"313":1,"314":1,"315":1,"316":1,"317":1,"318":1,"319":1,"321":1,"322":1,"324":1}},"/home/travis/build/npmtest/node-npmtest-timeseries-analysis/node_modules/timeseries-analysis/timeseries-analysis.js":{"path":"/home/travis/build/npmtest/node-npmtest-timeseries-analysis/node_modules/timeseries-analysis/timeseries-analysis.js","s":{"1":1,"2":1,"3":1,"4":0,"5":0,"6":0,"7":0,"8":0,"9":0,"10":1,"11":0,"12":1,"13":0,"14":0,"15":0,"16":1,"17":0,"18":0,"19":0,"20":0,"21":0,"22":0,"23":0,"24":0,"25":1,"26":0,"27":0,"28":0,"29":0,"30":0,"31":1,"32":0,"33":0,"34":0,"35":1,"36":0,"37":0,"38":1,"39":0,"40":0,"41":1,"42":0,"43":0,"44":1,"45":0,"46":0,"47":1,"48":0,"49":0,"50":0,"51":0,"52":0,"53":0,"54":0,"55":0,"56":1,"57":0,"58":0,"59":0,"60":0,"61":0,"62":0,"63":0,"64":0,"65":0,"66":1,"67":0,"68":0,"69":0,"70":0,"71":0,"72":0,"73":0,"74":0,"75":0,"76":0,"77":0,"78":0,"79":0,"80":1,"81":0,"82":0,"83":0,"84":0,"85":0,"86":0,"87":0,"88":0,"89":0,"90":0,"91":0,"92":0,"93":0,"94":0,"95":1,"96":0,"97":0,"98":0,"99":0,"100":0,"101":0,"102":0,"103":0,"104":0,"105":0,"106":0,"107":0,"108":1,"109":0,"110":0,"111":0,"112":0,"113":0,"114":0,"115":0,"116":0,"117":0,"118":0,"119":0,"120":0,"121":0,"122":0,"123":0,"124":0,"125":0,"126":1,"127":0,"128":0,"129":0,"130":0,"131":0,"132":0,"133":0,"134":0,"135":0,"136":0,"137":0,"138":0,"139":0,"140":0,"141":0,"142":1,"143":0,"144":0,"145":0,"146":0,"147":0,"148":0,"149":0,"150":0,"151":0,"152":1,"153":0,"154":0,"155":0,"156":0,"157":0,"158":0,"159":0,"160":0,"161":0,"162":0,"163":0,"164":1,"165":0,"166":0,"167":0,"168":0,"169":0,"170":0,"171":0,"172":0,"173":0,"174":1,"175":0,"176":0,"177":0,"178":0,"179":0,"180":0,"181":0,"182":0,"183":0,"184":0,"185":0,"186":1,"187":0,"188":0,"189":0,"190":0,"191":0,"192":0,"193":0,"194":0,"195":0,"196":0,"197":0,"198":0,"199":0,"200":0,"201":0,"202":0,"203":0,"204":0,"205":0,"206":0,"207":0,"208":0,"209":1,"210":0,"211":0,"212":0,"213":0,"214":0,"215":0,"216":0,"217":1,"218":0,"219":0,"220":0,"221":0,"222":0,"223":0,"224":1,"225":0,"226":0,"227":0,"228":0,"229":0,"230":0,"231":0,"232":0,"233":0,"234":0,"235":0,"236":0,"237":0,"238":0,"239":0,"240":0,"241":0,"242":0,"243":0,"244":0,"245":0,"246":0,"247":0,"248":0,"249":0,"250":0,"251":0,"252":0,"253":0,"254":0,"255":0,"256":0,"257":0,"258":0,"259":0,"260":0,"261":0,"262":0,"263":0,"264":0,"265":0,"266":0,"267":0,"268":1,"269":0,"270":0,"271":0,"272":0,"273":0,"274":0,"275":0,"276":0,"277":0,"278":0,"279":1,"280":0,"281":0,"282":0,"283":0,"284":0,"285":0,"286":0,"287":0,"288":0,"289":0,"290":0,"291":0,"292":0,"293":0,"294":0,"295":0,"296":0,"297":0,"298":0,"299":0,"300":0,"301":0,"302":1,"303":0,"304":0,"305":0,"306":0,"307":0,"308":0,"309":0,"310":0,"311":0,"312":0,"313":0,"314":0,"315":0,"316":0,"317":0,"318":0,"319":0,"320":0,"321":0,"322":0,"323":0,"324":0,"325":0,"326":0,"327":1,"328":0,"329":0,"330":0,"331":0,"332":0,"333":0,"334":0,"335":0,"336":0,"337":0,"338":0,"339":0,"340":0,"341":0,"342":0,"343":0,"344":0,"345":0,"346":0,"347":0,"348":0,"349":0,"350":0,"351":0,"352":0,"353":1,"354":0,"355":0,"356":0,"357":0,"358":0,"359":0,"360":0,"361":0,"362":0,"363":0,"364":0,"365":0,"366":0,"367":0,"368":0,"369":0,"370":0,"371":0,"372":0,"373":0,"374":1,"375":0,"376":0,"377":0,"378":0,"379":0,"380":0,"381":0,"382":0,"383":0,"384":0,"385":0,"386":0,"387":0,"388":0,"389":0,"390":0,"391":0,"392":0,"393":0,"394":0,"395":0,"396":0,"397":0,"398":0,"399":0,"400":0,"401":0,"402":0,"403":0,"404":0,"405":0,"406":0,"407":0,"408":0,"409":0,"410":0,"411":0,"412":0,"413":0,"414":0,"415":0,"416":0,"417":1,"418":0,"419":0,"420":0,"421":0,"422":0,"423":0,"424":0,"425":0,"426":0,"427":0,"428":0,"429":0,"430":0,"431":0,"432":0,"433":0,"434":0,"435":0,"436":0,"437":0,"438":0,"439":0,"440":0,"441":0,"442":0,"443":0,"444":1,"445":0,"446":0,"447":0,"448":0,"449":0,"450":0,"451":0,"452":0,"453":0,"454":0,"455":0,"456":0,"457":0,"458":0,"459":0,"460":0,"461":0,"462":0,"463":0,"464":0,"465":0,"466":0,"467":0,"468":0,"469":0,"470":0,"471":0,"472":0,"473":0,"474":0,"475":0,"476":0,"477":0,"478":0,"479":0,"480":0,"481":0,"482":1,"483":0,"484":0,"485":0,"486":0,"487":0,"488":0,"489":0,"490":0,"491":0,"492":0,"493":0,"494":0,"495":0,"496":0,"497":0,"498":0,"499":0,"500":0,"501":0,"502":0,"503":0,"504":0,"505":0,"506":0,"507":0,"508":0,"509":0,"510":0,"511":0,"512":0,"513":0,"514":0,"515":0,"516":0,"517":0,"518":0,"519":0,"520":0,"521":0,"522":0,"523":0,"524":0,"525":0,"526":0,"527":0,"528":0,"529":0,"530":0,"531":0,"532":0,"533":0,"534":0,"535":0,"536":0,"537":0,"538":0,"539":0,"540":0,"541":0,"542":0,"543":0,"544":0,"545":0,"546":0,"547":0,"548":0,"549":0,"550":0,"551":0,"552":0,"553":0,"554":0,"555":0,"556":0,"557":0,"558":0,"559":0,"560":0,"561":0,"562":0,"563":0,"564":0,"565":0,"566":0,"567":0,"568":0,"569":0,"570":0,"571":0,"572":0,"573":0,"574":0,"575":0,"576":0,"577":0,"578":0,"579":0,"580":0,"581":1,"582":0,"583":1,"584":0,"585":1,"586":1,"587":0,"588":0,"589":0,"590":1,"591":0,"592":0,"593":1,"594":0,"595":0,"596":0,"597":0,"598":0,"599":0,"600":0,"601":1,"602":0,"603":0,"604":0,"605":0,"606":0,"607":0,"608":0,"609":0,"610":0,"611":1,"612":0,"613":0,"614":0,"615":0,"616":0,"617":0,"618":0,"619":0,"620":0,"621":0,"622":1,"623":0,"624":0,"625":0,"626":0,"627":0,"628":0,"629":0,"630":0,"631":1,"632":1,"633":1},"b":{"1":[0,0],"2":[0,0],"3":[0,0],"4":[0,0],"5":[0,0],"6":[0,0],"7":[0,0],"8":[0,0],"9":[0,0],"10":[0,0],"11":[0,0],"12":[0,0],"13":[0,0],"14":[0,0],"15":[0,0,0],"16":[0,0],"17":[0,0],"18":[0,0],"19":[0,0],"20":[0,0],"21":[0,0],"22":[0,0],"23":[0,0],"24":[0,0],"25":[0,0],"26":[0,0],"27":[0,0],"28":[0,0],"29":[0,0],"30":[0,0],"31":[0,0],"32":[0,0],"33":[0,0],"34":[0,0],"35":[0,0],"36":[0,0],"37":[0,0],"38":[0,0],"39":[0,0],"40":[0,0],"41":[0,0],"42":[0,0],"43":[0,0],"44":[0,0],"45":[0,0],"46":[0,0],"47":[0,0],"48":[0,0],"49":[0,0],"50":[0,0]},"f":{"1":0,"2":0,"3":0,"4":0,"5":0,"6":0,"7":0,"8":0,"9":0,"10":0,"11":0,"12":0,"13":0,"14":0,"15":0,"16":0,"17":0,"18":0,"19":0,"20":0,"21":0,"22":0,"23":0,"24":0,"25":0,"26":0,"27":0,"28":0,"29":0,"30":0,"31":0,"32":0,"33":0,"34":0,"35":0,"36":0,"37":0,"38":0,"39":0,"40":0,"41":0,"42":0,"43":0,"44":0,"45":0,"46":0,"47":0,"48":0,"49":0,"50":0,"51":0,"52":0,"53":0,"54":0,"55":0,"56":0,"57":0,"58":0,"59":0,"60":0,"61":0},"fnMap":{"1":{"name":"(anonymous_1)","line":4,"loc":{"start":{"line":4,"column":17},"end":{"line":4,"column":41}}},"2":{"name":"(anonymous_2)","line":26,"loc":{"start":{"line":26,"column":30},"end":{"line":26,"column":41}}},"3":{"name":"(anonymous_3)","line":32,"loc":{"start":{"line":32,"column":28},"end":{"line":32,"column":52}}},"4":{"name":"(anonymous_4)","line":46,"loc":{"start":{"line":46,"column":29},"end":{"line":46,"column":47}}},"5":{"name":"(anonymous_5)","line":73,"loc":{"start":{"line":73,"column":20},"end":{"line":73,"column":36}}},"6":{"name":"(anonymous_6)","line":83,"loc":{"start":{"line":83,"column":28},"end":{"line":83,"column":47}}},"7":{"name":"(anonymous_7)","line":93,"loc":{"start":{"line":93,"column":29},"end":{"line":93,"column":40}}},"8":{"name":"(anonymous_8)","line":94,"loc":{"start":{"line":94,"column":31},"end":{"line":94,"column":47}}},"9":{"name":"(anonymous_9)","line":104,"loc":{"start":{"line":104,"column":29},"end":{"line":104,"column":40}}},"10":{"name":"(anonymous_10)","line":110,"loc":{"start":{"line":110,"column":31},"end":{"line":110,"column":42}}},"11":{"name":"(anonymous_11)","line":111,"loc":{"start":{"line":111,"column":25},"end":{"line":111,"column":45}}},"12":{"name":"(anonymous_12)","line":117,"loc":{"start":{"line":117,"column":27},"end":{"line":117,"column":38}}},"13":{"name":"(anonymous_13)","line":121,"loc":{"start":{"line":121,"column":27},"end":{"line":121,"column":38}}},"14":{"name":"(anonymous_14)","line":125,"loc":{"start":{"line":125,"column":28},"end":{"line":125,"column":43}}},"15":{"name":"(anonymous_15)","line":131,"loc":{"start":{"line":131,"column":14},"end":{"line":131,"column":34}}},"16":{"name":"(anonymous_16)","line":137,"loc":{"start":{"line":137,"column":29},"end":{"line":137,"column":44}}},"17":{"name":"(anonymous_17)","line":144,"loc":{"start":{"line":144,"column":14},"end":{"line":144,"column":34}}},"18":{"name":"(anonymous_18)","line":153,"loc":{"start":{"line":153,"column":30},"end":{"line":153,"column":57}}},"19":{"name":"(anonymous_19)","line":184,"loc":{"start":{"line":184,"column":26},"end":{"line":184,"column":44}}},"20":{"name":"(anonymous_20)","line":209,"loc":{"start":{"line":209,"column":27},"end":{"line":209,"column":45}}},"21":{"name":"(anonymous_21)","line":235,"loc":{"start":{"line":235,"column":28},"end":{"line":235,"column":46}}},"22":{"name":"(anonymous_22)","line":267,"loc":{"start":{"line":267,"column":34},"end":{"line":267,"column":52}}},"23":{"name":"(anonymous_23)","line":308,"loc":{"start":{"line":308,"column":32},"end":{"line":308,"column":50}}},"24":{"name":"(anonymous_24)","line":318,"loc":{"start":{"line":318,"column":32},"end":{"line":318,"column":52}}},"25":{"name":"(anonymous_25)","line":328,"loc":{"start":{"line":328,"column":32},"end":{"line":328,"column":50}}},"26":{"name":"(anonymous_26)","line":354,"loc":{"start":{"line":354,"column":33},"end":{"line":354,"column":44}}},"27":{"name":"(anonymous_27)","line":375,"loc":{"start":{"line":375,"column":27},"end":{"line":375,"column":38}}},"28":{"name":"(anonymous_28)","line":404,"loc":{"start":{"line":404,"column":32},"end":{"line":404,"column":50}}},"29":{"name":"(anonymous_29)","line":419,"loc":{"start":{"line":419,"column":19},"end":{"line":419,"column":39}}},"30":{"name":"(anonymous_30)","line":435,"loc":{"start":{"line":435,"column":24},"end":{"line":435,"column":38}}},"31":{"name":"(anonymous_31)","line":438,"loc":{"start":{"line":438,"column":29},"end":{"line":438,"column":47}}},"32":{"name":"(anonymous_32)","line":445,"loc":{"start":{"line":445,"column":23},"end":{"line":445,"column":41}}},"33":{"name":"(anonymous_33)","line":452,"loc":{"start":{"line":452,"column":35},"end":{"line":452,"column":53}}},"34":{"name":"(anonymous_34)","line":458,"loc":{"start":{"line":458,"column":30},"end":{"line":458,"column":50}}},"35":{"name":"(anonymous_35)","line":468,"loc":{"start":{"line":468,"column":29},"end":{"line":468,"column":48}}},"36":{"name":"(anonymous_36)","line":483,"loc":{"start":{"line":483,"column":29},"end":{"line":483,"column":47}}},"37":{"name":"(anonymous_37)","line":581,"loc":{"start":{"line":581,"column":32},"end":{"line":581,"column":50}}},"38":{"name":"(anonymous_38)","line":598,"loc":{"start":{"line":598,"column":19},"end":{"line":598,"column":39}}},"39":{"name":"(anonymous_39)","line":614,"loc":{"start":{"line":614,"column":43},"end":{"line":614,"column":61}}},"40":{"name":"(anonymous_40)","line":657,"loc":{"start":{"line":657,"column":52},"end":{"line":657,"column":70}}},"41":{"name":"(anonymous_41)","line":704,"loc":{"start":{"line":704,"column":24},"end":{"line":704,"column":38}}},"42":{"name":"(anonymous_42)","line":715,"loc":{"start":{"line":715,"column":47},"end":{"line":715,"column":65}}},"43":{"name":"(anonymous_43)","line":731,"loc":{"start":{"line":731,"column":36},"end":{"line":731,"column":51}}},"44":{"name":"(anonymous_44)","line":737,"loc":{"start":{"line":737,"column":36},"end":{"line":737,"column":51}}},"45":{"name":"(anonymous_45)","line":774,"loc":{"start":{"line":774,"column":51},"end":{"line":774,"column":69}}},"46":{"name":"(anonymous_46)","line":818,"loc":{"start":{"line":818,"column":36},"end":{"line":818,"column":54}}},"47":{"name":"(anonymous_47)","line":835,"loc":{"start":{"line":835,"column":18},"end":{"line":835,"column":31}}},"48":{"name":"(anonymous_48)","line":899,"loc":{"start":{"line":899,"column":37},"end":{"line":899,"column":55}}},"49":{"name":"(anonymous_49)","line":914,"loc":{"start":{"line":914,"column":20},"end":{"line":914,"column":33}}},"50":{"name":"(anonymous_50)","line":948,"loc":{"start":{"line":948,"column":31},"end":{"line":948,"column":53}}},"51":{"name":"(anonymous_51)","line":1006,"loc":{"start":{"line":1006,"column":43},"end":{"line":1006,"column":61}}},"52":{"name":"(anonymous_52)","line":1179,"loc":{"start":{"line":1179,"column":36},"end":{"line":1179,"column":47}}},"53":{"name":"(anonymous_53)","line":1185,"loc":{"start":{"line":1185,"column":43},"end":{"line":1185,"column":54}}},"54":{"name":"(anonymous_54)","line":1196,"loc":{"start":{"line":1196,"column":17},"end":{"line":1196,"column":41}}},"55":{"name":"(anonymous_55)","line":1202,"loc":{"start":{"line":1202,"column":20},"end":{"line":1202,"column":40}}},"56":{"name":"(anonymous_56)","line":1206,"loc":{"start":{"line":1206,"column":20},"end":{"line":1206,"column":35}}},"57":{"name":"(anonymous_57)","line":1207,"loc":{"start":{"line":1207,"column":20},"end":{"line":1207,"column":40}}},"58":{"name":"(anonymous_58)","line":1211,"loc":{"start":{"line":1211,"column":20},"end":{"line":1211,"column":38}}},"59":{"name":"(anonymous_59)","line":1227,"loc":{"start":{"line":1227,"column":18},"end":{"line":1227,"column":36}}},"60":{"name":"(anonymous_60)","line":1249,"loc":{"start":{"line":1249,"column":14},"end":{"line":1249,"column":32}}},"61":{"name":"(anonymous_61)","line":1271,"loc":{"start":{"line":1271,"column":14},"end":{"line":1271,"column":32}}}},"statementMap":{"1":{"start":{"line":1,"column":0},"end":{"line":1,"column":33}},"2":{"start":{"line":2,"column":0},"end":{"line":2,"column":52}},"3":{"start":{"line":4,"column":0},"end":{"line":22,"column":1}},"4":{"start":{"line":12,"column":1},"end":{"line":14,"column":13}},"5":{"start":{"line":16,"column":1},"end":{"line":16,"column":20}},"6":{"start":{"line":17,"column":1},"end":{"line":17,"column":31}},"7":{"start":{"line":18,"column":1},"end":{"line":18,"column":19}},"8":{"start":{"line":19,"column":1},"end":{"line":19,"column":19}},"9":{"start":{"line":21,"column":1},"end":{"line":21,"column":13}},"10":{"start":{"line":26,"column":0},"end":{"line":28,"column":1}},"11":{"start":{"line":27,"column":1},"end":{"line":27,"column":18}},"12":{"start":{"line":32,"column":0},"end":{"line":43,"column":1}},"13":{"start":{"line":33,"column":1},"end":{"line":35,"column":13}},"14":{"start":{"line":37,"column":1},"end":{"line":41,"column":4}},"15":{"start":{"line":42,"column":1},"end":{"line":42,"column":13}},"16":{"start":{"line":46,"column":0},"end":{"line":78,"column":1}},"17":{"start":{"line":48,"column":1},"end":{"line":55,"column":13}},"18":{"start":{"line":58,"column":1},"end":{"line":65,"column":4}},"19":{"start":{"line":66,"column":1},"end":{"line":66,"column":33}},"20":{"start":{"line":68,"column":1},"end":{"line":70,"column":2}},"21":{"start":{"line":69,"column":2},"end":{"line":69,"column":38}},"22":{"start":{"line":73,"column":1},"end":{"line":75,"column":4}},"23":{"start":{"line":74,"column":2},"end":{"line":74,"column":35}},"24":{"start":{"line":77,"column":1},"end":{"line":77,"column":23}},"25":{"start":{"line":83,"column":0},"end":{"line":90,"column":1}},"26":{"start":{"line":84,"column":1},"end":{"line":84,"column":16}},"27":{"start":{"line":85,"column":1},"end":{"line":85,"column":7}},"28":{"start":{"line":86,"column":1},"end":{"line":88,"column":2}},"29":{"start":{"line":87,"column":2},"end":{"line":87,"column":20}},"30":{"start":{"line":89,"column":1},"end":{"line":89,"column":14}},"31":{"start":{"line":93,"column":0},"end":{"line":101,"column":1}},"32":{"start":{"line":94,"column":1},"end":{"line":99,"column":4}},"33":{"start":{"line":95,"column":2},"end":{"line":98,"column":4}},"34":{"start":{"line":100,"column":1},"end":{"line":100,"column":15}},"35":{"start":{"line":104,"column":0},"end":{"line":107,"column":1}},"36":{"start":{"line":105,"column":1},"end":{"line":105,"column":27}},"37":{"start":{"line":106,"column":1},"end":{"line":106,"column":13}},"38":{"start":{"line":110,"column":0},"end":{"line":114,"column":1}},"39":{"start":{"line":111,"column":1},"end":{"line":113,"column":4}},"40":{"start":{"line":112,"column":2},"end":{"line":112,"column":23}},"41":{"start":{"line":117,"column":0},"end":{"line":120,"column":1}},"42":{"start":{"line":118,"column":1},"end":{"line":118,"column":28}},"43":{"start":{"line":119,"column":1},"end":{"line":119,"column":21}},"44":{"start":{"line":121,"column":0},"end":{"line":124,"column":1}},"45":{"start":{"line":122,"column":1},"end":{"line":122,"column":28}},"46":{"start":{"line":123,"column":1},"end":{"line":123,"column":21}},"47":{"start":{"line":125,"column":0},"end":{"line":136,"column":1}},"48":{"start":{"line":126,"column":1},"end":{"line":128,"column":2}},"49":{"start":{"line":127,"column":2},"end":{"line":127,"column":23}},"50":{"start":{"line":129,"column":1},"end":{"line":129,"column":14}},"51":{"start":{"line":130,"column":1},"end":{"line":130,"column":13}},"52":{"start":{"line":131,"column":1},"end":{"line":134,"column":4}},"53":{"start":{"line":132,"column":2},"end":{"line":132,"column":22}},"54":{"start":{"line":133,"column":2},"end":{"line":133,"column":6}},"55":{"start":{"line":135,"column":1},"end":{"line":135,"column":14}},"56":{"start":{"line":137,"column":0},"end":{"line":149,"column":1}},"57":{"start":{"line":138,"column":1},"end":{"line":140,"column":2}},"58":{"start":{"line":139,"column":2},"end":{"line":139,"column":23}},"59":{"start":{"line":141,"column":1},"end":{"line":141,"column":14}},"60":{"start":{"line":142,"column":1},"end":{"line":142,"column":13}},"61":{"start":{"line":143,"column":1},"end":{"line":143,"column":25}},"62":{"start":{"line":144,"column":1},"end":{"line":147,"column":4}},"63":{"start":{"line":145,"column":2},"end":{"line":145,"column":49}},"64":{"start":{"line":146,"column":2},"end":{"line":146,"column":6}},"65":{"start":{"line":148,"column":1},"end":{"line":148,"column":25}},"66":{"start":{"line":153,"column":0},"end":{"line":177,"column":1}},"67":{"start":{"line":154,"column":1},"end":{"line":156,"column":2}},"68":{"start":{"line":155,"column":2},"end":{"line":155,"column":23}},"69":{"start":{"line":157,"column":1},"end":{"line":157,"column":7}},"70":{"start":{"line":158,"column":1},"end":{"line":158,"column":7}},"71":{"start":{"line":159,"column":1},"end":{"line":159,"column":22}},"72":{"start":{"line":160,"column":1},"end":{"line":160,"column":13}},"73":{"start":{"line":163,"column":1},"end":{"line":163,"column":30}},"74":{"start":{"line":165,"column":1},"end":{"line":170,"column":2}},"75":{"start":{"line":166,"column":2},"end":{"line":169,"column":4}},"76":{"start":{"line":171,"column":1},"end":{"line":176,"column":2}},"77":{"start":{"line":172,"column":2},"end":{"line":172,"column":26}},"78":{"start":{"line":173,"column":2},"end":{"line":173,"column":14}},"79":{"start":{"line":175,"column":2},"end":{"line":175,"column":21}},"80":{"start":{"line":184,"column":0},"end":{"line":208,"column":1}},"81":{"start":{"line":185,"column":1},"end":{"line":187,"column":13}},"82":{"start":{"line":188,"column":1},"end":{"line":188,"column":7}},"83":{"start":{"line":189,"column":1},"end":{"line":189,"column":7}},"84":{"start":{"line":190,"column":1},"end":{"line":190,"column":27}},"85":{"start":{"line":191,"column":1},"end":{"line":191,"column":13}},"86":{"start":{"line":194,"column":1},"end":{"line":194,"column":19}},"87":{"start":{"line":197,"column":1},"end":{"line":197,"column":50}},"88":{"start":{"line":199,"column":1},"end":{"line":205,"column":2}},"89":{"start":{"line":200,"column":2},"end":{"line":200,"column":10}},"90":{"start":{"line":201,"column":2},"end":{"line":203,"column":3}},"91":{"start":{"line":202,"column":3},"end":{"line":202,"column":28}},"92":{"start":{"line":204,"column":2},"end":{"line":204,"column":57}},"93":{"start":{"line":206,"column":1},"end":{"line":206,"column":25}},"94":{"start":{"line":207,"column":1},"end":{"line":207,"column":13}},"95":{"start":{"line":209,"column":0},"end":{"line":234,"column":1}},"96":{"start":{"line":210,"column":1},"end":{"line":212,"column":13}},"97":{"start":{"line":213,"column":1},"end":{"line":213,"column":7}},"98":{"start":{"line":214,"column":1},"end":{"line":214,"column":7}},"99":{"start":{"line":215,"column":1},"end":{"line":215,"column":27}},"100":{"start":{"line":216,"column":1},"end":{"line":216,"column":13}},"101":{"start":{"line":219,"column":1},"end":{"line":219,"column":19}},"102":{"start":{"line":222,"column":1},"end":{"line":222,"column":50}},"103":{"start":{"line":224,"column":1},"end":{"line":224,"column":30}},"104":{"start":{"line":226,"column":1},"end":{"line":231,"column":2}},"105":{"start":{"line":227,"column":2},"end":{"line":230,"column":4}},"106":{"start":{"line":232,"column":1},"end":{"line":232,"column":25}},"107":{"start":{"line":233,"column":1},"end":{"line":233,"column":13}},"108":{"start":{"line":235,"column":0},"end":{"line":262,"column":1}},"109":{"start":{"line":236,"column":1},"end":{"line":238,"column":13}},"110":{"start":{"line":239,"column":1},"end":{"line":239,"column":7}},"111":{"start":{"line":240,"column":1},"end":{"line":240,"column":7}},"112":{"start":{"line":241,"column":1},"end":{"line":241,"column":27}},"113":{"start":{"line":242,"column":1},"end":{"line":242,"column":13}},"114":{"start":{"line":243,"column":1},"end":{"line":243,"column":11}},"115":{"start":{"line":246,"column":1},"end":{"line":246,"column":19}},"116":{"start":{"line":249,"column":1},"end":{"line":249,"column":50}},"117":{"start":{"line":251,"column":1},"end":{"line":259,"column":2}},"118":{"start":{"line":252,"column":2},"end":{"line":252,"column":10}},"119":{"start":{"line":253,"column":2},"end":{"line":253,"column":8}},"120":{"start":{"line":254,"column":2},"end":{"line":257,"column":3}},"121":{"start":{"line":255,"column":3},"end":{"line":255,"column":30}},"122":{"start":{"line":256,"column":3},"end":{"line":256,"column":10}},"123":{"start":{"line":258,"column":2},"end":{"line":258,"column":44}},"124":{"start":{"line":260,"column":1},"end":{"line":260,"column":25}},"125":{"start":{"line":261,"column":1},"end":{"line":261,"column":13}},"126":{"start":{"line":267,"column":0},"end":{"line":304,"column":1}},"127":{"start":{"line":270,"column":1},"end":{"line":273,"column":13}},"128":{"start":{"line":274,"column":1},"end":{"line":274,"column":7}},"129":{"start":{"line":275,"column":1},"end":{"line":275,"column":7}},"130":{"start":{"line":276,"column":1},"end":{"line":276,"column":27}},"131":{"start":{"line":278,"column":1},"end":{"line":278,"column":19}},"132":{"start":{"line":281,"column":1},"end":{"line":281,"column":19}},"133":{"start":{"line":284,"column":1},"end":{"line":284,"column":38}},"134":{"start":{"line":285,"column":1},"end":{"line":285,"column":39}},"135":{"start":{"line":287,"column":1},"end":{"line":296,"column":2}},"136":{"start":{"line":288,"column":2},"end":{"line":291,"column":4}},"137":{"start":{"line":292,"column":2},"end":{"line":295,"column":3}},"138":{"start":{"line":297,"column":1},"end":{"line":301,"column":2}},"139":{"start":{"line":298,"column":2},"end":{"line":298,"column":27}},"140":{"start":{"line":300,"column":2},"end":{"line":300,"column":26}},"141":{"start":{"line":303,"column":1},"end":{"line":303,"column":13}},"142":{"start":{"line":308,"column":0},"end":{"line":324,"column":1}},"143":{"start":{"line":309,"column":1},"end":{"line":311,"column":13}},"144":{"start":{"line":314,"column":1},"end":{"line":314,"column":23}},"145":{"start":{"line":315,"column":1},"end":{"line":315,"column":23}},"146":{"start":{"line":316,"column":1},"end":{"line":316,"column":35}},"147":{"start":{"line":318,"column":1},"end":{"line":321,"column":4}},"148":{"start":{"line":319,"column":2},"end":{"line":319,"column":52}},"149":{"start":{"line":320,"column":2},"end":{"line":320,"column":19}},"150":{"start":{"line":322,"column":1},"end":{"line":322,"column":25}},"151":{"start":{"line":323,"column":1},"end":{"line":323,"column":13}},"152":{"start":{"line":328,"column":0},"end":{"line":350,"column":1}},"153":{"start":{"line":329,"column":1},"end":{"line":331,"column":13}},"154":{"start":{"line":332,"column":1},"end":{"line":332,"column":7}},"155":{"start":{"line":333,"column":1},"end":{"line":333,"column":7}},"156":{"start":{"line":334,"column":1},"end":{"line":334,"column":27}},"157":{"start":{"line":335,"column":1},"end":{"line":335,"column":13}},"158":{"start":{"line":338,"column":1},"end":{"line":338,"column":35}},"159":{"start":{"line":340,"column":1},"end":{"line":347,"column":2}},"160":{"start":{"line":341,"column":2},"end":{"line":346,"column":3}},"161":{"start":{"line":342,"column":3},"end":{"line":345,"column":5}},"162":{"start":{"line":348,"column":1},"end":{"line":348,"column":25}},"163":{"start":{"line":349,"column":1},"end":{"line":349,"column":13}},"164":{"start":{"line":354,"column":0},"end":{"line":371,"column":1}},"165":{"start":{"line":355,"column":1},"end":{"line":355,"column":7}},"166":{"start":{"line":356,"column":1},"end":{"line":356,"column":7}},"167":{"start":{"line":357,"column":1},"end":{"line":357,"column":27}},"168":{"start":{"line":358,"column":1},"end":{"line":358,"column":13}},"169":{"start":{"line":361,"column":1},"end":{"line":361,"column":19}},"170":{"start":{"line":363,"column":1},"end":{"line":368,"column":2}},"171":{"start":{"line":364,"column":2},"end":{"line":367,"column":4}},"172":{"start":{"line":369,"column":1},"end":{"line":369,"column":25}},"173":{"start":{"line":370,"column":1},"end":{"line":370,"column":13}},"174":{"start":{"line":375,"column":0},"end":{"line":399,"column":1}},"175":{"start":{"line":376,"column":1},"end":{"line":376,"column":7}},"176":{"start":{"line":377,"column":1},"end":{"line":377,"column":7}},"177":{"start":{"line":378,"column":1},"end":{"line":378,"column":27}},"178":{"start":{"line":379,"column":1},"end":{"line":379,"column":13}},"179":{"start":{"line":382,"column":1},"end":{"line":382,"column":19}},"180":{"start":{"line":384,"column":1},"end":{"line":396,"column":2}},"181":{"start":{"line":385,"column":2},"end":{"line":395,"column":3}},"182":{"start":{"line":386,"column":3},"end":{"line":389,"column":5}},"183":{"start":{"line":391,"column":3},"end":{"line":394,"column":5}},"184":{"start":{"line":397,"column":1},"end":{"line":397,"column":25}},"185":{"start":{"line":398,"column":1},"end":{"line":398,"column":13}},"186":{"start":{"line":404,"column":0},"end":{"line":448,"column":1}},"187":{"start":{"line":405,"column":1},"end":{"line":408,"column":13}},"188":{"start":{"line":411,"column":1},"end":{"line":411,"column":23}},"189":{"start":{"line":412,"column":1},"end":{"line":412,"column":23}},"190":{"start":{"line":413,"column":1},"end":{"line":413,"column":35}},"191":{"start":{"line":415,"column":1},"end":{"line":417,"column":3}},"192":{"start":{"line":419,"column":1},"end":{"line":425,"column":4}},"193":{"start":{"line":420,"column":2},"end":{"line":420,"column":47}},"194":{"start":{"line":421,"column":2},"end":{"line":423,"column":3}},"195":{"start":{"line":422,"column":3},"end":{"line":422,"column":19}},"196":{"start":{"line":424,"column":2},"end":{"line":424,"column":16}},"197":{"start":{"line":427,"column":1},"end":{"line":427,"column":18}},"198":{"start":{"line":428,"column":1},"end":{"line":428,"column":7}},"199":{"start":{"line":429,"column":1},"end":{"line":434,"column":2}},"200":{"start":{"line":430,"column":2},"end":{"line":433,"column":5}},"201":{"start":{"line":435,"column":1},"end":{"line":437,"column":4}},"202":{"start":{"line":436,"column":2},"end":{"line":436,"column":25}},"203":{"start":{"line":438,"column":1},"end":{"line":440,"column":4}},"204":{"start":{"line":439,"column":2},"end":{"line":439,"column":44}},"205":{"start":{"line":441,"column":1},"end":{"line":443,"column":2}},"206":{"start":{"line":442,"column":2},"end":{"line":442,"column":18}},"207":{"start":{"line":445,"column":1},"end":{"line":447,"column":4}},"208":{"start":{"line":446,"column":2},"end":{"line":446,"column":23}},"209":{"start":{"line":452,"column":0},"end":{"line":464,"column":1}},"210":{"start":{"line":453,"column":1},"end":{"line":453,"column":33}},"211":{"start":{"line":455,"column":1},"end":{"line":455,"column":26}},"212":{"start":{"line":456,"column":1},"end":{"line":456,"column":24}},"213":{"start":{"line":458,"column":1},"end":{"line":461,"column":4}},"214":{"start":{"line":459,"column":2},"end":{"line":459,"column":43}},"215":{"start":{"line":460,"column":2},"end":{"line":460,"column":19}},"216":{"start":{"line":463,"column":1},"end":{"line":463,"column":13}},"217":{"start":{"line":468,"column":0},"end":{"line":479,"column":1}},"218":{"start":{"line":469,"column":1},"end":{"line":471,"column":2}},"219":{"start":{"line":470,"column":2},"end":{"line":470,"column":11}},"220":{"start":{"line":472,"column":1},"end":{"line":474,"column":2}},"221":{"start":{"line":473,"column":2},"end":{"line":473,"column":26}},"222":{"start":{"line":476,"column":1},"end":{"line":476,"column":39}},"223":{"start":{"line":478,"column":1},"end":{"line":478,"column":13}},"224":{"start":{"line":483,"column":0},"end":{"line":577,"column":1}},"225":{"start":{"line":484,"column":1},"end":{"line":488,"column":13}},"226":{"start":{"line":491,"column":1},"end":{"line":491,"column":24}},"227":{"start":{"line":496,"column":1},"end":{"line":496,"column":21}},"228":{"start":{"line":497,"column":1},"end":{"line":497,"column":27}},"229":{"start":{"line":499,"column":1},"end":{"line":499,"column":7}},"230":{"start":{"line":500,"column":1},"end":{"line":500,"column":7}},"231":{"start":{"line":501,"column":1},"end":{"line":501,"column":26}},"232":{"start":{"line":502,"column":1},"end":{"line":511,"column":2}},"233":{"start":{"line":503,"column":2},"end":{"line":506,"column":5}},"234":{"start":{"line":507,"column":2},"end":{"line":510,"column":5}},"235":{"start":{"line":512,"column":1},"end":{"line":531,"column":2}},"236":{"start":{"line":514,"column":2},"end":{"line":514,"column":47}},"237":{"start":{"line":515,"column":2},"end":{"line":515,"column":47}},"238":{"start":{"line":516,"column":2},"end":{"line":516,"column":20}}
[...]
E\t= 0;","\tvar n = 0;","\tfor (i=options.sample;i<l-1;i++) {","\t\tvar sample \t\t= buffer.slice(i-options.sample, i);","\t\t// Get the AR coeffs","\t\tvar coeffs \t\t= this[options.method]({degree:options.degree, data:sample});","\t\tvar knownValue \t= buffer[i+1][1]*1;","\t\tbuffer[i+1][1]\t= 0;","\t\tfor (j=0;j<coeffs.length;j++) {","\t\t\tif (options.method == 'ARMaxEntropy') {","\t\t\t\tbuffer[i+1][1] -= backup[i-j][1]*coeffs[j];","\t\t\t} else {","\t\t\t\tbuffer[i+1][1] += backup[i-j][1]*coeffs[j];","\t\t\t}","\t\t}","\t\t","\t\tMSE += (knownValue-buffer[i+1][1])*(knownValue-buffer[i+1][1]);","\t\tn++;","\t}","\t","\tMSE /= n;","\t","\t","\t//this.data = buffer;","\t","\t// Put back the mean","\t//this.offset(mean);","\t","\treturn MSE;","}","timeseries.prototype.sliding_regression_forecast = function(options) {","\toptions = _.extend({","\t\tmethod:\t\t'ARMaxEntropy',\t// ARMaxEntropy | ARLeastSquare","\t\tsample:\t\t50,","\t\tdegree:\t\t5","\t},options);","\t","\tvar i;","\tvar j;","\tvar l = this.data.length;","\t","\tvar mean\t= this.mean();","\tthis.offset(-mean);","\tvar backup \t= this.clone();","\tvar buffer \t= this.clone();","\t","\tfor (i=options.sample;i<l-1;i++) {","\t\tvar sample \t\t= buffer.slice(i-options.sample, i);","\t\t// The current data to process is only a sample of the real data.","\t\tthis.data\t\t= sample;","\t\t// Get the AR coeffs","\t\tvar coeffs \t\t= this[options.method]({degree:options.degree});","\t\tbuffer[i+1][1]\t= 0; //backup[i][1]*1;","\t\tfor (j=0;j<coeffs.length;j++) {","\t\t\tif (options.method == 'ARMaxEntropy') {","\t\t\t\tbuffer[i+1][1] -= backup[i-j][1]*coeffs[j];","\t\t\t} else {","\t\t\t\tbuffer[i+1][1] += backup[i-j][1]*coeffs[j];","\t\t\t}","\t\t}","\t\t//buffer[i+1][1] -","\t}","\t","\tthis.data = buffer;","\t","\t// Put back the mean","\tthis.offset(mean);","\t","\treturn this;","}","","","","// Autoregression method: MaxEntropy","timeseries.prototype.ARMaxEntropy = function(options) {","\t// Credits to Alex Sergejew, Nick Hawthorn, Rainer Hegger (1998)","\t// Zero-Indexed arrays modification by Paul Sanders (the arrays were One-indexed, FORTRAN style)","\t// Ported to Javascript by Julien Loutre for timeseries-analysis, from Paul Bourke's C code.","\t","\toptions = _.extend({","\t\tdegree:\t\t\t5,","\t\tdata:\t\t\tthis.data,","\t\tintermediates:\tfalse\t// Generates and returns the intermediates, a 2D array, instead of the coefficients.","\t}, options);","\t","\tvar scope\t= this;","\tvar i;","\tvar length \t= options.data.length;","\tvar pef \t= this.fill(0, length);","\tvar per \t= this.fill(0, length);","\tvar ar \t\t= this.fill([], options.degree+1);","\tar\t\t\t= _.map(ar, function(d1) {","\t\treturn scope.fill(0, options.degree+1);","\t});","\tvar h \t\t= this.fill(0, length);","\tvar g\t\t= this.fill(0, options.degree+2);","\t","\tvar t1, t2;","\tvar n;","\t","\tvar coef\t= [];","\t","\tfor (n=1; n <= options.degree; n++)","\t{","\t\tvar sn = 0.0;","\t\tvar sd = 0.0;","\t\tvar j;","\t\tvar jj = length - n;","\t","\t\tfor (j = 0; j < jj; j++)","\t\t{","\t\t\tt1 = options.data[j + n][1] + pef[j];","\t\t\tt2 = options.data[j][1] + per[j];","\t\t\tsn -= 2.0 * t1 * t2;","\t\t\tsd += (t1 * t1) + (t2 * t2);","\t\t}","\t","\t\tt1 = g[n] = sn / sd;","\t\tif (n != 1)","\t\t{","\t\t\tfor (j = 1; j < n; j++) {","\t\t\t\th[j] = g[j] + t1 * g[n - j];","\t\t\t}","\t\t\tfor (j = 1; j < n; j++) {","\t\t\t\tg[j] = h[j];","\t\t\t}","\t\t\tjj--;","\t\t}","\t","\t\tfor (j = 0; j < jj; j++)","\t\t{","\t\t\tper [j] += t1 * pef[j] + t1 * options.data[j + n][1];","\t\t\tpef [j] = pef[j + 1] + t1 * per[j + 1] + t1 * options.data[j + 1][1];","\t\t}","\t","\t\tif (options.intermediates) {","\t\t\tfor (j = 0; j < n; j++) {","\t\t\t\tar[n][j] = g[j + 1];","\t\t\t}","\t\t}","\t\t","\t}","\tif (!options.intermediates) {","\t\tfor (n = 0; n < options.degree; n++) {","\t\t\tcoef[n] = g[n + 1];","\t\t}","\t\treturn coef;","\t} else {","\t\treturn ar;","\t}","\t","}","","","// Autoregression method: Least Square","timeseries.prototype.ARLeastSquare = function(options) {","\t// Credits to Rainer Hegger (1998)","\t// Ported to Javascript by Julien Loutre for timeseries-analysis, from Paul Bourke's C code.","\tvar scope = this;","\t","\toptions = _.extend({","\t\tdegree:\t\t\t5,","\t\tdata:\t\t\tthis.data","\t}, options);","\t","\tvar i,j,k,hj,hi;","\tvar coefficients = [];","\t","\tvar length \t= options.data.length;","\tvar mat \t= this.fill([], options.degree);","\tmat\t\t\t= _.map(mat, function(d1) {","\t\treturn scope.fill(0, options.degree);","\t});","\t","\tfor (i=0;i < options.degree;i++) {","\t\tcoefficients[i] = 0.0;","\t\tfor (j=0;j< options.degree;j++) {","\t\t\tmat[i][j] = 0.0;","\t\t}","\t}","\tfor (i=options.degree-1;i < length-1;i++) {","\t\thi = i + 1;","\t\tfor (j=0;j < options.degree;j++) {","\t\t\thj = i - j;","\t\t\tcoefficients[j] += (options.data[hi][1] * options.data[hj][1]);","\t\t\tfor (k=j;k < options.degree;k++) {","\t\t\t\tmat[j][k] += (options.data[hj][1] * options.data[i-k][1]);","\t\t\t}","\t\t}","\t}","\tfor (i=0;i < options.degree;i++) {","\t\tcoefficients[i] /= (length - options.degree);","\t\tfor (j=i;j < options.degree;j++) {","\t\t\tmat[i][j] /= (length - options.degree);","\t\t\tmat[j][i] = mat[i][j];","\t\t}","\t}","\t","\tvar solved = this.SolveLE(mat,coefficients,options.degree);","\t","\treturn coefficients;","\t","}","","timeseries.prototype.SolveLE = function(mat, vec, n) {","\t// Gaussian elimination solver.","\t// Use the coefficients from the Least Square method and make it into the real AR coefficients.","\t// Original code by Rainer Hegger (1998). Modified by Paul Bourke.","\t// Ported to Javascript by Julien Loutre for timeseries-analysis, from Paul Bourke's C code.","\t","\tvar i,j,k,maxi;","\tvar vswap \t\t= [];","\tvar mswap \t\t= [];","\tvar hvec \t\t= [];","\tvar max,h,pivot,q;","\t","\tfor (i=0;i<n-1;i++) {","\t\tmax = Math.abs(mat[i][i]);","\t\tmaxi = i;","\t\tfor (j=i+1;j<n;j++) {","\t\t\tif ((h = Math.abs(mat[j][i])) > max) {","\t\t\t\tmax = h;","\t\t\t\tmaxi = j;","\t\t\t}","\t\t}","\t\tif (maxi != i) {","\t\t\tmswap     = mat[i];","\t\t\tmat[i]    = mat[maxi];","\t\t\tmat[maxi] = mswap;","\t\t\tvswap     = vec[i];","\t\t\tvec[i]    = vec[maxi];","\t\t\tvec[maxi] = vswap;","\t\t}","\t","\t\thvec = mat[i];","\t\tpivot = hvec[i];","\t\tif (Math.abs(pivot) == 0.0) {","\t\t\tconsole.log(\"Singular matrix - fatal!\");","\t\t\treturn false;","\t\t}","\t\tfor (j=i+1;j<n;j++) {","\t\t\tq = - mat[j][i] / pivot;","\t\t\tmat[j][i] = 0.0;","\t\t\tfor (k=i+1;k<n;k++) {","\t\t\t\tmat[j][k] += q * hvec[k];","\t\t\t}","\t\t\tvec[j] += (q * vec[i]);","\t\t}","\t}","\tvec[n-1] /= mat[n-1][n-1];","\tfor (i=n-2;i>=0;i--) {","\t\thvec = mat[i];","\t\tfor (j=n-1;j>i;j--) {","\t\t\tvec[i] -= (hvec[j] * vec[j]);","\t\t}","\t\tvec[i] /= hvec[i];","\t}","\t","\treturn vec;","}","","// Regression analysis. Will most likely be re-written in the future.","timeseries.prototype.regression_analysis = function(options) {","\t// Original code by Professor Hossein Arsham - http://home.ubalt.edu/ntsbarsh/Business-stat/otherapplets/Trend.htm","\t// Re-written for timeseries-analysis.","\t","\toptions = _.extend({","\t\tthreshold:\t2.5","\t}, options);","\t","\tvar output \t= {};","\t","\tvar i;","\tvar j;","\tvar E \t\t= this.data.length;  //total number of input spaces","\tvar N \t\t= 0;","\tvar N1 \t\t= 0;","\tvar N2 \t\t= 0;","\tvar SUM \t= 0.0;","\tvar R \t\t= 1;","\tvar Median\t= 0;","\tvar theList = new Array();","\tvar cval \t= new Array();","\t// Run through all the input, add those that have valid values","\tvar a\t\t= 0;","\tfor(i=0;i < E;i++) \t{","\t\tSUM \t\t+= this.data[i][1];","\t\ttheList[a] \t= this.data[i][1];","\t\tcval[a] \t= this.data[i][1];","\t\tN++;","\t\ta++;","\t}","\t//check for insufficient data","\tif(N <= 10) {","\t\tconsole.log(\"Insufficient data (min 10)\");","\t\treturn false;","\t}","\t//sort the list","\tfor(i=0; i<theList.length-1; i++) {","\t\tfor(j=i+1;j<theList.length; j++) {","\t\t\tif (theList[j] < theList[i])  {","\t\t\t\ttemp \t\t= theList[i];","\t\t\t\ttheList[i] \t= theList[j];","\t\t\t\ttheList[j] \t= temp;","\t\t\t}","\t\t}","\t}","\t//calculate Median","\tvar aux = 0;","\tif(N%2 == 1) {","\t\taux \t= Math.floor(N/2);","\t\tMedian \t= theList[aux];","\t} else {","\t\tMedian \t= (theList[N/2]+theList[((N/2)-1)])/2;","\t}","\t","\t// Do the math","\tvar x = Median;","\tvar y = Math.round(100000*x);","\tvar z = y/100000;","\t// run through each value and compare it with mean","\tfor(i = 0; i < E; i++)     {","\t\t//check if a value is present and discard the ties","\t\tif(this.data[i][1] != x)  {","\t\t\t//check if it is greater than mean then adds one","\t\t\tif (this.data[i][1] > x)\t\t {","\t\t\t\tN1++;","\t\t\t\ta = i;","\t\t\t\twhile (a > 0)  {","\t\t\t\t\ta--;","\t\t\t\t\tif(this.data[a][1] != x) {","\t\t\t\t\t\tbreak;","\t\t\t\t\t}","\t\t\t\t}","\t\t\t\tif (this.data[a][1] < x) {","\t\t\t\t\tR++;","\t\t\t\t}","\t\t\t}","\t\t\t//if it is less than mean","\t\t\telse if (this.data[i][1] < x)   {","\t\t\t\tN2++;","\t\t\t\ta = i;","\t\t\t\twhile (a > 0) {","\t\t\t\t\ta--;","\t\t\t\t\tif(this.data[a][1] != x)   {","\t\t\t\t\t\tbreak;","\t\t\t\t\t}","\t\t\t\t}","\t\t\t\tif (this.data[a][1] > x)  {","\t\t\t\t\tR++;","\t\t\t\t}","\t\t\t}","\t\t}","\t}","\t//form.NR.value = R;     //value of x or \"Scores\"","\t// What is the runs' statistic? I don't know...","\t// Is it http://en.wikipedia.org/wiki/Wald%E2%80%93Wolfowitz_runs_test ?","\toutput.runs\t= R;","\t","","\t//compute the expected mean and variance of R","\tvar EM \t= 1 + (2*N1*N2)/(N1+N2);           //Mean \"Mu\"","\tvar SD1 = [2*N1*N2*(2*N1*N2-N1-N2)];","\tvar SD2 = Math.pow( (N1 + N2), 2);","\tvar SD3 = N1 + N2 - 1;","\tvar SD4 = SD1 / (SD2 * SD3);           //Standard deviation \"Sigma\"","\tvar SD \t= Math.sqrt(SD4);","\t//calculating P value MStyle","\tvar z1 \t= (R - EM)/SD;","\tvar z2 \t= Math.abs(z1);","\tvar z \t= z2;","\t","\t/* Thanks to Jan de Leeuw for the following function */","\tvar t \t= (z > 0) ? z : (-z);","\tvar P1 \t= Math.pow((1+t*(0.049867347 + t*(0.0211410061 + t*(0.0032776263 + t*(0.0000380036 + t*(0.0000488906 + t*(0.000005383))))))), -16);","\tvar p \t= 1 - P1 / 2;","\tvar t \t= 1-((z > 0) ? p : 1-p);         //this is P-value","\t","\t//rounding the value","\tvar t1 \t= Math.round(100000*t);","\tvar t2 \t= t1/100000;                  //this is P-value too","\t//form.PV.value = t2;","","\t//determine the conclusion","\t// Encoding the trend value from 0 (no trend) to 3 (strong strend evidence)","\tif (t2 < 0.01)   {","\t\t//form.CON.value = \"Strong evidence for trend\";","\t\toutput.trend\t= 3;","\t} else if (t2 < 0.05 && t2 >= 0.01)  {","\t\t//form.CON.value = \"Moderate evidence for trend\";","\t\toutput.trend\t= 2;","\t} else if (t2 < 0.10 && t2 >= 0.05)  {","\t\t//form.CON.value = \"Suggestive evidence for trend\";","\t\toutput.trend\t= 1;","\t} else if (t2 >= 0.10)   {","\t\t//form.CON.value = \"Little or no real evidences for trend\";","\t\toutput.trend\t= 0;","\t} else {","\t\t//form.CON.value = \"Strong evidence for trend\";","\t\toutput.trend\t= 3;","\t}","","\t//AUTO CORRELATION","\tvar DWNN = 0;","\tvar DWND = (cval[0]*cval[0]);","\tfor (i=1; i<cval.length; i++)  {","\t\tDWNN = DWNN +(cval[i]- cval[i-1])*(cval[i]-cval[i-1]) ;","\t\tDWND = DWND +(cval[i]*cval[i]);","\t}","\tvar DW = DWNN/DWND;","\tDW = Math.round(DW*100000)/100000;","\t//form.DW.value = DW;","\toutput.durbinWatson\t= DW;","\t","\tvar Q01 \t= 2-4.6527/(Math.sqrt(N+2));","\tvar Q05 \t= 2-3.2897/(Math.sqrt(N+2));","\t","\t//determine the conclusion","\t// Encode the correlation between 1 and 3","\tif((DW>=Q01) || (DW<=(4 - Q01)))  {","\t\t//form.COND.value = \"Moderate evidence againt autocorrelation\";","\t\toutput.autocorrelation\t= 2;","\t} else if((DW >= Q05)&&(DW<=(4 - Q05))) {","\t\t//form.COND.value = \"Strong evidences against autocorrelation\";","\t\toutput.autocorrelation\t= 3;","\t} else {","\t\t//form.COND.value = \"Suggestive evidences for autocorrelation\";","\t\toutput.autocorrelation\t= 1;","\t}","\t","\treturn output;","}","","// Get the Durbin-Watson statistic","// http://en.wikipedia.org/wiki/Durbin%E2%80%93Watson_statistic","timeseries.prototype.durbinWatson = function() {","\treturn this.regression_analysis().durbinWatson;","}","","// Get the Durbin-Watson statistic","// http://en.wikipedia.org/wiki/Durbin%E2%80%93Watson_statistic","timeseries.prototype.regression_analysis = function() {","\treturn this.regression_analysis().durbinWatson;","}","","","","","// Data adapters","var adapter = {","\t","};","adapter.fromDB = function(data, options) {","\toptions = _.extend({","\t\tvalue:\t\t'close',","\t\tdate:\t\t'date'","\t}, options);","\t","\treturn _.map(data, function(datapoint) {","\t\treturn [new Date(datapoint[options.date]).getTime(), datapoint[options.value]];","\t});","};","adapter.fromArray = function(data) {","\treturn _.map(data, function(datapoint) {","\t\treturn [new Date(), datapoint];","\t});","};","adapter.geometric = function(options) {","\toptions = _.extend({","\t}, options);","\t","\t","\tvar i;","\tvar j;","\tvar output = [];","\tfor (i=0;i<128;i++) {","\t\toutput.push([","\t\t\tnew Date(),","\t\t\tMath.cos(i*0.01)+0.75*Math.cos(i*0.03)+0.5*Math.cos(i*0.05)+0.25*Math.cos(i*0.11)","\t\t]);","\t}","\treturn output;","};","adapter.complex = function(options) {","\toptions = _.extend({","\t\tcycles:\t\t10,","\t\tquality:\t1,","\t\tinertia:\t0","\t}, options);","\t","\t","\tvar i;","\tvar j;","\tvar output = [];","\tfor (i=0;i<options.cycles;i++) {","\t\tfor (j=0;j<360;j+=options.quality) {","\t\t\toutput.push([","\t\t\t\tnew Date(),","\t\t\t\t(Math.sin(j*Math.PI/180)+Math.cos(j*3*Math.PI/180)-Math.sin(j*2.4*Math.PI/180))*100","\t\t\t]);","\t\t\toptions.quality += options.inertia;","\t\t}","\t}","\treturn output;","};","adapter.sin = function(options) {","\toptions = _.extend({","\t\tcycles:\t\t4,","\t\tquality:\t2,","\t\tinertia:\t0\t","\t}, options);","\t","\tvar i;","\tvar j;","\tvar output \t= [];","\tfor (i=0;i<options.cycles;i++) {","\t\tfor (j=0;j<360;j+=options.quality) {","\t\t\toutput.push([","\t\t\t\tnew Date(),","\t\t\t\tMath.cos(j*Math.PI/180)*100","\t\t\t]);","\t\t\toptions.quality += options.inertia;","\t\t}","\t\tconsole.log(\"options.quality\",options.quality);","\t}","\treturn output;","};","adapter.tan = function(options) {","\toptions = _.extend({","\t\tcycles:\t\t1","\t}, options);","\tvar i;","\tvar j;","\tvar output = [];","\tfor (i=0;i<options.cycles;i++) {","\t\tfor (j=0;j<360;j++) {","\t\t\toutput.push([","\t\t\t\tnew Date(),","\t\t\t\tMath.tan(j*Math.PI/180)","\t\t\t]);","\t\t}","\t}","\treturn output;","};","","","exports.main\t\t= timeseries;","exports.adapter\t\t= adapter;","exports.version\t\t= \"1.0.11\";"],"l":{"1":1,"2":1,"4":1,"12":0,"16":0,"17":0,"18":0,"19":0,"21":0,"26":1,"27":0,"32":1,"33":0,"37":0,"42":0,"46":1,"48":0,"58":0,"66":0,"68":0,"69":0,"73":0,"74":0,"77":0,"83":1,"84":0,"85":0,"86":0,"87":0,"89":0,"93":1,"94":0,"95":0,"100":0,"104":1,"105":0,"106":0,"110":1,"111":0,"112":0,"117":1,"118":0,"119":0,"121":1,"122":0,"123":0,"125":1,"126":0,"127":0,"129":0,"130":0,"131":0,"132":0,"133":0,"135":0,"137":1,"138":0,"139":0,"141":0,"142":0,"143":0,"144":0,"145":0,"146":0,"148":0,"153":1,"154":0,"155":0,"157":0,"158":0,"159":0,"160":0,"163":0,"165":0,"166":0,"171":0,"172":0,"173":0,"175":0,"184":1,"185":0,"188":0,"189":0,"190":0,"191":0,"194":0,"197":0,"199":0,"200":0,"201":0,"202":0,"204":0,"206":0,"207":0,"209":1,"210":0,"213":0,"214":0,"215":0,"216":0,"219":0,"222":0,"224":0,"226":0,"227":0,"232":0,"233":0,"235":1,"236":0,"239":0,"240":0,"241":0,"242":0,"243":0,"246":0,"249":0,"251":0,"252":0,"253":0,"254":0,"255":0,"256":0,"258":0,"260":0,"261":0,"267":1,"270":0,"274":0,"275":0,"276":0,"278":0,"281":0,"284":0,"285":0,"287":0,"288":0,"292":0,"297":0,"298":0,"300":0,"303":0,"308":1,"309":0,"314":0,"315":0,"316":0,"318":0,"319":0,"320":0,"322":0,"323":0,"328":1,"329":0,"332":0,"333":0,"334":0,"335":0,"338":0,"340":0,"341":0,"342":0,"348":0,"349":0,"354":1,"355":0,"356":0,"357":0,"358":0,"361":0,"363":0,"364":0,"369":0,"370":0,"375":1,"376":0,"377":0,"378":0,"379":0,"382":0,"384":0,"385":0,"386":0,"391":0,"397":0,"398":0,"404":1,"405":0,"411":0,"412":0,"413":0,"415":0,"419":0,"420":0,"421":0,"422":0,"424":0,"427":0,"428":0,"429":0,"430":0,"435":0,"436":0,"438":0,"439":0,"441":0,"442":0,"445":0,"446":0,"452":1,"453":0,"455":0,"456":0,"458":0,"459":0,"460":0,"463":0,"468":1,"469":0,"470":0,"472":0,"473":0,"476":0,"478":0,"483":1,"484":0,"491":0,"496":0,"497":0,"499":0,"500":0,"501":0,"502":0,"503":0,"507":0,"512":0,"514":0,"515":0,"516":0,"517":0,"518":0,"523":0,"533":0,"534":0,"535":0,"538":0,"539":0,"540":0,"542":0,"545":0,"546":0,"547":0,"548":0,"549":0,"550":0,"551":0,"552":0,"553":0,"554":0,"555":0,"558":0,"560":0,"561":0,"565":0,"568":0,"571":0,"573":0,"576":0,"581":1,"585":0,"591":0,"594":0,"596":0,"598":0,"599":0,"600":0,"605":0,"606":0,"608":0,"614":1,"615":0,"623":0,"624":0,"625":0,"627":0,"628":0,"629":0,"630":0,"632":0,"635":0,"637":0,"638":0,"640":0,"641":0,"642":0,"643":0,"644":0,"646":0,"649":0,"651":0,"652":0,"654":0,"657":1,"658":0,"664":0,"666":0,"667":0,"668":0,"671":0,"672":0,"673":0,"674":0,"675":0,"676":0,"677":0,"678":0,"679":0,"680":0,"681":0,"687":0,"688":0,"689":0,"697":0,"704":0,"705":0,"708":0,"711":0,"715":1,"716":0,"724":0,"725":0,"726":0,"728":0,"729":0,"731":0,"732":0,"737":0,"738":0,"744":0,"745":0,"746":0,"747":0,"749":0,"750":0,"751":0,"752":0,"753":0,"754":0,"756":0,"760":0,"761":0,"764":0,"772":0,"774":1,"775":0,"781":0,"782":0,"783":0,"785":0,"786":0,"787":0,"788":0,"790":0,"791":0,"793":0,"795":0,"796":0,"797":0,"798":0,"799":0,"801":0,"807":0,"810":0,"812":0,"818":1,"823":0,"829":0,"830":0,"831":0,"832":0,"833":0,"834":0,"835":0,"836":0,"838":0,"839":0,"841":0,"842":0,"844":0,"846":0,"848":0,"849":0,"850":0,"851":0,"853":0,"855":0,"856":0,"857":0,"858":0,"861":0,"862":0,"864":0,"865":0,"867":0,"868":0,"870":0,"873":0,"875":0,"876":0,"879":0,"880":0,"881":0,"886":0,"887":0,"888":0,"890":0,"892":0,"899":1,"902":0,"904":0,"909":0,"910":0,"912":0,"913":0,"914":0,"915":0,"918":0,"919":0,"920":0,"921":0,"924":0,"925":0,"926":0,"927":0,"928":0,"929":0,"930":0,"934":0,"935":0,"936":0,"937":0,"938":0,"942":0,"944":0,"948":1,"954":0,"955":0,"956":0,"957":0,"958":0,"960":0,"961":0,"962":0,"963":0,"964":0,"965":0,"966":0,"969":0,"970":0,"971":0,"972":0,"973":0,"974":0,"975":0,"978":0,"979":0,"980":0,"981":0,"982":0,"984":0,"985":0,"986":0,"987":0,"988":0,"990":0,"993":0,"994":0,"995":0,"996":0,"997":0,"999":0,"1002":0,"1006":1,"1010":0,"1014":0,"1016":0,"1017":0,"1018":0,"1019":0,"1020":0,"1021":0,"1022":0,"1023":0,"1024":0,"1025":0,"1026":0,"1028":0,"1029":0,"1030":0,"1031":0,"1032":0,"1033":0,"1034":0,"1037":0,"1038":0,"1039":0,"1042":0,"1043":0,"1044":0,"1045":0,"1046":0,"1047":0,"1052":0,"1053":0,"1054":0,"1055":0,"1057":0,"1061":0,"1062":0,"1063":0,"1065":0,"1067":0,"1069":0,"1070":0,"1071":0,"1072":0,"1073":0,"1074":0,"1075":0,"1078":0,"1079":0,"1083":0,"1084":0,"1085":0,"1086":0,"1087":0,"1088":0,"1089":0,"1092":0,"1093":0,"1101":0,"1105":0,"1106":0,"1107":0,"1108":0,"1109":0,"1110":0,"1112":0,"1113":0,"1114":0,"1117":0,"1118":0,"1119":0,"1120":0,"1123":0,"1124":0,"1129":0,"1131":0,"1132":0,"1134":0,"1135":0,"1137":0,"1138":0,"1140":0,"1143":0,"1147":0,"1148":0,"1149":0,"1150":0,"1151":0,"1153":0,"1154":0,"1156":0,"1158":0,"1159":0,"1163":0,"1165":0,"1166":0,"1168":0,"1171":0,"1174":0,"1179":1,"1180":0,"1185":1,"1186":0,"1193":1,"1196":1,"1197":0,"1202":0,"1203":0,"1206":1,"1207":0,"1208":0,"1211":1,"1212":0,"1216":0,"1217":0,"1218":0,"1219":0,"1220":0,"1225":0,"1227":1,"1228":0,"1235":0,"1236":0,"1237":0,"1238":0,"1239":0,"1240":0,"1244":0,"1247":0,"1249":1,"1250":0,"1256":0,"1257":0,"1258":0,"1259":0,"1260":0,"1261":0,"1265":0,"1267":0,"1269":0,"1271":1,"1272":0,"1275":0,"1276":0,"1277":0,"1278":0,"1279":0,"1280":0,"1286":0,"1290":1,"1291":1,"1292":1}}}